2025-11-12 11:27:07 [INFO]: Server started at port 8090
2025-11-12 11:27:07 [INFO]: ✅ Connected to VegasDB: nstl_vegas
2025-11-12 11:27:07 [INFO]: Database connection established successfully to nstl_vegas
2025-11-12 11:27:07 [INFO]: Proceeding with application setup
2025-11-12 11:27:11 [INFO]: Incoming request: PUT /api/shift/edit
2025-11-12 11:27:11 [INFO]: 📝 Shift updated for manv: 0753 on 2025-11-11
2025-11-12 11:27:30 [INFO]: Incoming request: PUT /api/shift/edit
2025-11-12 11:27:30 [INFO]: 📝 Shift updated for manv: 0753 on 2025-11-11
2025-11-12 11:31:44 [INFO]: Server started at port 8090
2025-11-12 11:31:44 [INFO]: ✅ Connected to VegasDB: nstl_vegas
2025-11-12 11:31:44 [INFO]: Database connection established successfully to nstl_vegas
2025-11-12 11:31:44 [INFO]: Proceeding with application setup
2025-11-12 11:32:04 [INFO]: Server started at port 8090
2025-11-12 11:32:04 [INFO]: ✅ Connected to VegasDB: nstl_vegas
2025-11-12 11:32:04 [INFO]: Database connection established successfully to nstl_vegas
2025-11-12 11:32:04 [INFO]: Proceeding with application setup
2025-11-12 11:32:11 [INFO]: Server started at port 8090
2025-11-12 11:32:12 [INFO]: ✅ Connected to VegasDB: nstl_vegas
2025-11-12 11:32:12 [INFO]: Database connection established successfully to nstl_vegas
2025-11-12 11:32:12 [INFO]: Proceeding with application setup
2025-11-12 11:32:55 [INFO]: Server started at port 8090
2025-11-12 11:32:55 [INFO]: ✅ Connected to VegasDB: nstl_vegas
2025-11-12 11:32:55 [INFO]: Database connection established successfully to nstl_vegas
2025-11-12 11:32:55 [INFO]: Proceeding with application setup
2025-11-12 11:33:15 [INFO]: Incoming request: PUT /api/shift/edit
2025-11-12 11:33:22 [INFO]: Incoming request: PUT /api/shift/edit
2025-11-12 11:33:22 [INFO]: 📝 Shift updated for manv: 0753 on 2025-11-11
2025-11-12 11:57:21 [INFO]: Server started at port 8090
2025-11-12 11:57:22 [INFO]: ✅ Connected to VegasDB: nstl_vegas
2025-11-12 11:57:22 [INFO]: Database connection established successfully to nstl_vegas
2025-11-12 11:57:22 [INFO]: Proceeding with application setup
2025-11-12 11:57:26 [INFO]: Server started at port 8090
2025-11-12 11:57:26 [INFO]: ✅ Connected to VegasDB: nstl_vegas
2025-11-12 11:57:26 [INFO]: Database connection established successfully to nstl_vegas
2025-11-12 11:57:26 [INFO]: Proceeding with application setup
2025-11-12 11:57:30 [INFO]: Server started at port 8090
2025-11-12 11:57:30 [INFO]: ✅ Connected to VegasDB: nstl_vegas
2025-11-12 11:57:30 [INFO]: Database connection established successfully to nstl_vegas
2025-11-12 11:57:30 [INFO]: Proceeding with application setup
2025-11-12 11:57:41 [INFO]: Server started at port 8090
2025-11-12 11:57:41 [INFO]: ✅ Connected to VegasDB: nstl_vegas
2025-11-12 11:57:41 [INFO]: Database connection established successfully to nstl_vegas
2025-11-12 11:57:41 [INFO]: Proceeding with application setup
2025-11-12 11:57:44 [INFO]: Server started at port 8090
2025-11-12 11:57:44 [INFO]: ✅ Connected to VegasDB: nstl_vegas
2025-11-12 11:57:44 [INFO]: Database connection established successfully to nstl_vegas
2025-11-12 11:57:44 [INFO]: Proceeding with application setup
2025-11-12 11:57:49 [INFO]: Server started at port 8090
2025-11-12 11:57:49 [INFO]: ✅ Connected to VegasDB: nstl_vegas
2025-11-12 11:57:49 [INFO]: Database connection established successfully to nstl_vegas
2025-11-12 11:57:49 [INFO]: Proceeding with application setup
2025-11-12 11:58:06 [INFO]: Server started at port 8090
2025-11-12 11:58:06 [INFO]: ✅ Connected to VegasDB: nstl_vegas
2025-11-12 11:58:06 [INFO]: Database connection established successfully to nstl_vegas
2025-11-12 11:58:06 [INFO]: Proceeding with application setup
2025-11-12 11:59:07 [INFO]: Server started at port 8090
2025-11-12 11:59:07 [INFO]: ✅ Connected to VegasDB: nstl_vegas
2025-11-12 11:59:07 [INFO]: Database connection established successfully to nstl_vegas
2025-11-12 11:59:07 [INFO]: Proceeding with application setup
2025-11-12 11:59:25 [INFO]: Incoming request: POST /api/shift/add
2025-11-12 12:00:40 [INFO]: Server started at port 8090
2025-11-12 12:00:40 [INFO]: ✅ Connected to VegasDB: nstl_vegas
2025-11-12 12:00:40 [INFO]: Database connection established successfully to nstl_vegas
2025-11-12 12:00:40 [INFO]: Proceeding with application setup
2025-11-12 12:00:41 [INFO]: Server started at port 8090
2025-11-12 12:00:42 [INFO]: ✅ Connected to VegasDB: nstl_vegas
2025-11-12 12:00:42 [INFO]: Database connection established successfully to nstl_vegas
2025-11-12 12:00:42 [INFO]: Proceeding with application setup
2025-11-12 12:00:44 [INFO]: Incoming request: POST /api/shift/add
2025-11-12 12:00:45 [INFO]: Incoming request: POST /api/shift/add
2025-11-12 12:00:46 [INFO]: Incoming request: POST /api/shift/add
2025-11-12 12:01:06 [INFO]: Server started at port 8090
2025-11-12 12:01:06 [INFO]: ✅ Connected to VegasDB: nstl_vegas
2025-11-12 12:01:06 [INFO]: Database connection established successfully to nstl_vegas
2025-11-12 12:01:06 [INFO]: Proceeding with application setup
2025-11-12 12:01:11 [INFO]: Server started at port 8090
2025-11-12 12:01:11 [INFO]: ✅ Connected to VegasDB: nstl_vegas
2025-11-12 12:01:11 [INFO]: Database connection established successfully to nstl_vegas
2025-11-12 12:01:11 [INFO]: Proceeding with application setup
2025-11-12 12:01:14 [INFO]: Incoming request: POST /api/shift/add
2025-11-12 12:01:22 [INFO]: Server started at port 8090
2025-11-12 12:01:22 [INFO]: ✅ Connected to VegasDB: nstl_vegas
2025-11-12 12:01:22 [INFO]: Database connection established successfully to nstl_vegas
2025-11-12 12:01:22 [INFO]: Proceeding with application setup
2025-11-12 12:01:24 [INFO]: Server started at port 8090
2025-11-12 12:01:24 [INFO]: ✅ Connected to VegasDB: nstl_vegas
2025-11-12 12:01:24 [INFO]: Database connection established successfully to nstl_vegas
2025-11-12 12:01:24 [INFO]: Proceeding with application setup
2025-11-12 12:01:25 [INFO]: Incoming request: POST /api/shift/add
2025-11-12 12:01:25 [INFO]: ✅ Shift added for staffCode: 0753 on 2025-11-12
2025-11-12 12:01:40 [INFO]: Incoming request: POST /api/shift/add
2025-11-12 12:01:40 [ERROR]: ❌ Error in addShift: Violation of PRIMARY KEY constraint 'PK_XepCaNgay_1'. Cannot insert duplicate key in object 'dbo.XepCaNgay'. The duplicate key value is (0753                , Nov 12 2025 12:00AM).
2025-11-12 12:03:14 [INFO]: Server started at port 8090
2025-11-12 12:03:14 [INFO]: ✅ Connected to VegasDB: nstl_vegas
2025-11-12 12:03:14 [INFO]: Database connection established successfully to nstl_vegas
2025-11-12 12:03:14 [INFO]: Proceeding with application setup
2025-11-12 12:03:19 [INFO]: Incoming request: POST /api/shift/add
2025-11-12 12:07:09 [INFO]: Incoming request: PUT /api/shift/edit
2025-11-12 12:07:09 [INFO]: 📝 Shift updated for manv: 0753 on 2025-11-12
2025-11-12 12:07:16 [INFO]: Incoming request: PUT /api/shift/edit
2025-11-12 12:07:23 [INFO]: Incoming request: POST /api/shift/add
2025-11-12 12:07:32 [INFO]: Incoming request: GET /api/staff/al_ph?staffCode=0753&start=2025-06-01&end=2025-11-10
2025-11-12 12:07:39 [INFO]: Incoming request: GET /api/staff/al_ph?staffCode=0882&start=2025-06-01&end=2025-11-10
2025-11-12 12:27:36 [INFO]: Server started at port 8090
2025-11-12 12:27:36 [INFO]: ✅ Connected to VegasDB: nstl_vegas
2025-11-12 12:27:36 [INFO]: Database connection established successfully to nstl_vegas
2025-11-12 12:27:36 [INFO]: Proceeding with application setup
2025-11-12 12:27:47 [INFO]: Incoming request: PUT /api/shift/edit
2025-11-12 12:27:50 [INFO]: Incoming request: PUT /api/shift/edit
2025-11-12 12:29:51 [INFO]: Server started at port 8090
2025-11-12 12:29:51 [INFO]: ✅ Connected to VegasDB: nstl_vegas
2025-11-12 12:29:51 [INFO]: Database connection established successfully to nstl_vegas
2025-11-12 12:29:51 [INFO]: Proceeding with application setup
2025-11-12 12:30:09 [INFO]: Incoming request: PUT /api/shift/edit
2025-11-12 12:30:10 [INFO]: 📝 Shift updated for manv: 0753 on 2025-11-12
2025-11-12 12:30:36 [INFO]: Incoming request: PUT /api/shift/edit
2025-11-12 12:30:36 [INFO]: 📝 Shift updated for manv: 0753 on 2025-11-11
2025-11-12 12:30:40 [INFO]: Incoming request: PUT /api/shift/edit
2025-11-12 12:30:40 [INFO]: 📝 Shift updated for manv: 0753 on 2025-11-10
2025-11-12 12:30:44 [INFO]: Incoming request: PUT /api/shift/edit
2025-11-12 12:30:44 [INFO]: 📝 Shift updated for manv: 0753 on 2025-11-10
2025-11-12 12:30:49 [INFO]: Incoming request: PUT /api/shift/edit
2025-11-12 12:30:49 [INFO]: 📝 Shift updated for manv: 0753 on 2025-11-09
2025-11-12 12:33:26 [INFO]: Incoming request: POST /api/staff/schedule_list
2025-11-12 12:33:26 [INFO]: 📅 Executing query with dates: 2025-10-31 to 2025-11-11
2025-11-12 12:33:26 [INFO]: ✅ Connection established for listStaffScheduleAll
2025-11-12 12:33:26 [INFO]: ✅ Fetched and cleaned 2604 staff schedule records
2025-11-12 12:42:36 [INFO]: Server started at port 8090
2025-11-12 12:42:36 [INFO]: ✅ Connected to VegasDB: nstl_vegas
2025-11-12 12:42:36 [INFO]: Database connection established successfully to nstl_vegas
2025-11-12 12:42:36 [INFO]: Proceeding with application setup
2025-11-12 12:42:38 [INFO]: Server started at port 8090
2025-11-12 12:42:38 [INFO]: ✅ Connected to VegasDB: nstl_vegas
2025-11-12 12:42:38 [INFO]: Database connection established successfully to nstl_vegas
2025-11-12 12:42:38 [INFO]: Proceeding with application setup
2025-11-12 12:42:50 [INFO]: Server started at port 8090
2025-11-12 12:42:50 [INFO]: ✅ Connected to VegasDB: nstl_vegas
2025-11-12 12:42:50 [INFO]: Database connection established successfully to nstl_vegas
2025-11-12 12:42:50 [INFO]: Proceeding with application setup
2025-11-12 12:42:57 [INFO]: Server started at port 8090
2025-11-12 12:42:57 [INFO]: ✅ Connected to VegasDB: nstl_vegas
2025-11-12 12:42:57 [INFO]: Database connection established successfully to nstl_vegas
2025-11-12 12:42:57 [INFO]: Proceeding with application setup
2025-11-12 12:42:59 [INFO]: Server started at port 8090
2025-11-12 12:42:59 [INFO]: ✅ Connected to VegasDB: nstl_vegas
2025-11-12 12:42:59 [INFO]: Database connection established successfully to nstl_vegas
2025-11-12 12:42:59 [INFO]: Proceeding with application setup
2025-11-12 12:43:03 [INFO]: Server started at port 8090
2025-11-12 12:43:03 [INFO]: ✅ Connected to VegasDB: nstl_vegas
2025-11-12 12:43:03 [INFO]: Database connection established successfully to nstl_vegas
2025-11-12 12:43:03 [INFO]: Proceeding with application setup
2025-11-12 12:43:06 [INFO]: Server started at port 8090
2025-11-12 12:43:06 [INFO]: ✅ Connected to VegasDB: nstl_vegas
2025-11-12 12:43:06 [INFO]: Database connection established successfully to nstl_vegas
2025-11-12 12:43:06 [INFO]: Proceeding with application setup
2025-11-12 12:43:10 [INFO]: Server started at port 8090
2025-11-12 12:43:10 [INFO]: ✅ Connected to VegasDB: nstl_vegas
2025-11-12 12:43:10 [INFO]: Database connection established successfully to nstl_vegas
2025-11-12 12:43:10 [INFO]: Proceeding with application setup
2025-11-12 12:43:18 [INFO]: Server started at port 8090
2025-11-12 12:43:18 [INFO]: ✅ Connected to VegasDB: nstl_vegas
2025-11-12 12:43:18 [INFO]: Database connection established successfully to nstl_vegas
2025-11-12 12:43:18 [INFO]: Proceeding with application setup
2025-11-12 12:44:01 [INFO]: Server started at port 8090
2025-11-12 12:44:01 [INFO]: ✅ Connected to VegasDB: nstl_vegas
2025-11-12 12:44:01 [INFO]: Database connection established successfully to nstl_vegas
2025-11-12 12:44:01 [INFO]: Proceeding with application setup
2025-11-12 12:44:26 [INFO]: Incoming request: GET /api/shift/list/0753
2025-11-12 12:44:41 [INFO]: Server started at port 8090
2025-11-12 12:44:41 [INFO]: ✅ Connected to VegasDB: nstl_vegas
2025-11-12 12:44:41 [INFO]: Database connection established successfully to nstl_vegas
2025-11-12 12:44:41 [INFO]: Proceeding with application setup
2025-11-12 12:44:43 [INFO]: Server started at port 8090
2025-11-12 12:44:43 [INFO]: ✅ Connected to VegasDB: nstl_vegas
2025-11-12 12:44:43 [INFO]: Database connection established successfully to nstl_vegas
2025-11-12 12:44:43 [INFO]: Proceeding with application setup
2025-11-12 12:44:49 [INFO]: Server started at port 8090
2025-11-12 12:44:49 [INFO]: ✅ Connected to VegasDB: nstl_vegas
2025-11-12 12:44:49 [INFO]: Database connection established successfully to nstl_vegas
2025-11-12 12:44:49 [INFO]: Proceeding with application setup
2025-11-12 12:44:54 [INFO]: Server started at port 8090
2025-11-12 12:44:54 [INFO]: ✅ Connected to VegasDB: nstl_vegas
2025-11-12 12:44:54 [INFO]: Database connection established successfully to nstl_vegas
2025-11-12 12:44:54 [INFO]: Proceeding with application setup
2025-11-12 12:44:57 [INFO]: Incoming request: GET /api/shift/list/0753
2025-11-12 12:44:57 [ERROR]: ❌ Error in getShiftsByStaffCode: Invalid column name 'lock'.
2025-11-12 12:46:23 [INFO]: Server started at port 8090
2025-11-12 12:46:23 [INFO]: ✅ Connected to VegasDB: nstl_vegas
2025-11-12 12:46:23 [INFO]: Database connection established successfully to nstl_vegas
2025-11-12 12:46:23 [INFO]: Proceeding with application setup
2025-11-12 12:46:26 [INFO]: Server started at port 8090
2025-11-12 12:46:26 [INFO]: ✅ Connected to VegasDB: nstl_vegas
2025-11-12 12:46:26 [INFO]: Database connection established successfully to nstl_vegas
2025-11-12 12:46:26 [INFO]: Proceeding with application setup
2025-11-12 12:46:28 [INFO]: Server started at port 8090
2025-11-12 12:46:28 [INFO]: ✅ Connected to VegasDB: nstl_vegas
2025-11-12 12:46:28 [INFO]: Database connection established successfully to nstl_vegas
2025-11-12 12:46:28 [INFO]: Proceeding with application setup
2025-11-12 12:46:38 [INFO]: Incoming request: GET /api/shift/list/0753
2025-11-12 12:53:24 [INFO]: Server started at port 8090
2025-11-12 12:53:25 [INFO]: ✅ Connected to VegasDB: nstl_vegas
2025-11-12 12:53:25 [INFO]: Database connection established successfully to nstl_vegas
2025-11-12 12:53:25 [INFO]: Proceeding with application setup
2025-11-12 12:53:41 [INFO]: Incoming request: GET /api/shift/list/0753
2025-11-12 13:00:42 [INFO]: Server started at port 8090
2025-11-12 13:00:42 [INFO]: ✅ Connected to VegasDB: nstl_vegas
2025-11-12 13:00:42 [INFO]: Database connection established successfully to nstl_vegas
2025-11-12 13:00:42 [INFO]: Proceeding with application setup
2025-11-12 13:00:50 [INFO]: Server started at port 8090
2025-11-12 13:00:50 [INFO]: ✅ Connected to VegasDB: nstl_vegas
2025-11-12 13:00:50 [INFO]: Database connection established successfully to nstl_vegas
2025-11-12 13:00:50 [INFO]: Proceeding with application setup
2025-11-12 13:00:59 [INFO]: Server started at port 8090
2025-11-12 13:00:59 [INFO]: ✅ Connected to VegasDB: nstl_vegas
2025-11-12 13:00:59 [INFO]: Database connection established successfully to nstl_vegas
2025-11-12 13:00:59 [INFO]: Proceeding with application setup
2025-11-12 13:01:05 [INFO]: Server started at port 8090
2025-11-12 13:01:05 [INFO]: ✅ Connected to VegasDB: nstl_vegas
2025-11-12 13:01:05 [INFO]: Database connection established successfully to nstl_vegas
2025-11-12 13:01:05 [INFO]: Proceeding with application setup
2025-11-12 13:01:24 [INFO]: Server started at port 8090
2025-11-12 13:01:24 [INFO]: ✅ Connected to VegasDB: nstl_vegas
2025-11-12 13:01:24 [INFO]: Database connection established successfully to nstl_vegas
2025-11-12 13:01:24 [INFO]: Proceeding with application setup
2025-11-12 13:01:27 [INFO]: Server started at port 8090
2025-11-12 13:01:27 [INFO]: ✅ Connected to VegasDB: nstl_vegas
2025-11-12 13:01:27 [INFO]: Database connection established successfully to nstl_vegas
2025-11-12 13:01:27 [INFO]: Proceeding with application setup
2025-11-12 13:01:33 [INFO]: Server started at port 8090
2025-11-12 13:01:33 [INFO]: ✅ Connected to VegasDB: nstl_vegas
2025-11-12 13:01:33 [INFO]: Database connection established successfully to nstl_vegas
2025-11-12 13:01:33 [INFO]: Proceeding with application setup
2025-11-12 13:01:35 [INFO]: Server started at port 8090
2025-11-12 13:01:35 [INFO]: ✅ Connected to VegasDB: nstl_vegas
2025-11-12 13:01:35 [INFO]: Database connection established successfully to nstl_vegas
2025-11-12 13:01:35 [INFO]: Proceeding with application setup
2025-11-12 13:01:43 [INFO]: Server started at port 8090
2025-11-12 13:01:43 [INFO]: ✅ Connected to VegasDB: nstl_vegas
2025-11-12 13:01:43 [INFO]: Database connection established successfully to nstl_vegas
2025-11-12 13:01:43 [INFO]: Proceeding with application setup
2025-11-12 13:01:46 [INFO]: Server started at port 8090
2025-11-12 13:01:46 [INFO]: ✅ Connected to VegasDB: nstl_vegas
2025-11-12 13:01:46 [INFO]: Database connection established successfully to nstl_vegas
2025-11-12 13:01:46 [INFO]: Proceeding with application setup
2025-11-12 13:01:48 [INFO]: Server started at port 8090
2025-11-12 13:01:48 [INFO]: ✅ Connected to VegasDB: nstl_vegas
2025-11-12 13:01:48 [INFO]: Database connection established successfully to nstl_vegas
2025-11-12 13:01:48 [INFO]: Proceeding with application setup
2025-11-12 15:43:01 [INFO]: Server started at port 8090
2025-11-12 15:43:01 [INFO]: ✅ Connected to VegasDB: nstl_vegas
2025-11-12 15:43:01 [INFO]: Database connection established successfully to nstl_vegas
2025-11-12 15:43:01 [INFO]: Proceeding with application setup
2025-11-12 15:43:23 [INFO]: Incoming request: POST /api/staff/schedule_list
2025-11-12 15:43:23 [WARN]: Missing startDate or endDate in request body
2025-11-12 15:43:39 [INFO]: Incoming request: POST /api/staff/schedule_list
2025-11-12 15:43:39 [ERROR]: Error converting date format: 2025-10-31, Error: Invalid date
2025-11-12 15:43:39 [ERROR]: ❌ Error in listStaffScheduleAll: Error: Invalid date format
2025-11-12 15:43:39 [ERROR]: Error in listStaffScheduleAll: Error: Invalid date format
2025-11-12 15:44:09 [INFO]: Server started at port 8090
2025-11-12 15:44:09 [INFO]: ✅ Connected to VegasDB: nstl_vegas
2025-11-12 15:44:09 [INFO]: Database connection established successfully to nstl_vegas
2025-11-12 15:44:09 [INFO]: Proceeding with application setup
2025-11-12 15:44:13 [INFO]: Incoming request: POST /api/staff/schedule_list
2025-11-12 15:44:13 [INFO]: 📅 Executing query with dates: 2025_10_31 to 2025_11_11
2025-11-12 15:44:13 [INFO]: ✅ Connection established for listStaffScheduleAll
2025-11-12 15:44:14 [ERROR]: ❌ Error in listStaffScheduleAll: RequestError: Conversion failed when converting date and/or time from character string.
2025-11-12 15:44:14 [ERROR]: Error in listStaffScheduleAll: RequestError: Conversion failed when converting date and/or time from character string.
2025-11-12 15:44:15 [INFO]: Incoming request: POST /api/staff/schedule_list
2025-11-12 15:44:15 [INFO]: 📅 Executing query with dates: 2025_10_31 to 2025_11_11
2025-11-12 15:44:15 [INFO]: ✅ Connection established for listStaffScheduleAll
2025-11-12 15:44:15 [ERROR]: ❌ Error in listStaffScheduleAll: RequestError: Conversion failed when converting date and/or time from character string.
2025-11-12 15:44:15 [ERROR]: Error in listStaffScheduleAll: RequestError: Conversion failed when converting date and/or time from character string.
2025-11-12 15:45:06 [INFO]: Server started at port 8090
2025-11-12 15:45:06 [INFO]: ✅ Connected to VegasDB: nstl_vegas
2025-11-12 15:45:06 [INFO]: Database connection established successfully to nstl_vegas
2025-11-12 15:45:06 [INFO]: Proceeding with application setup
2025-11-12 15:45:08 [INFO]: Server started at port 8090
2025-11-12 15:45:08 [INFO]: ✅ Connected to VegasDB: nstl_vegas
2025-11-12 15:45:08 [INFO]: Database connection established successfully to nstl_vegas
2025-11-12 15:45:08 [INFO]: Proceeding with application setup
2025-11-12 15:45:11 [INFO]: Incoming request: POST /api/staff/schedule_list
2025-11-12 15:45:11 [INFO]: 📅 Executing query with dates: 2025_10_31 to 2025_11_11
2025-11-12 15:45:11 [INFO]: ✅ Connection established for listStaffScheduleAll
2025-11-12 15:45:11 [ERROR]: ❌ Error in listStaffScheduleAll: RequestError: Conversion failed when converting date and/or time from character string.
2025-11-12 15:45:11 [ERROR]: Error in listStaffScheduleAll: RequestError: Conversion failed when converting date and/or time from character string.
2025-11-12 15:45:12 [INFO]: Incoming request: POST /api/staff/schedule_list
2025-11-12 15:45:12 [INFO]: 📅 Executing query with dates: 2025_10_31 to 2025_11_11
2025-11-12 15:45:12 [INFO]: ✅ Connection established for listStaffScheduleAll
2025-11-12 15:45:12 [ERROR]: ❌ Error in listStaffScheduleAll: RequestError: Conversion failed when converting date and/or time from character string.
2025-11-12 15:45:12 [ERROR]: Error in listStaffScheduleAll: RequestError: Conversion failed when converting date and/or time from character string.
2025-11-12 15:50:07 [INFO]: Server started at port 8090
2025-11-12 15:50:07 [INFO]: ✅ Connected to VegasDB: nstl_vegas
2025-11-12 15:50:07 [INFO]: Database connection established successfully to nstl_vegas
2025-11-12 15:50:07 [INFO]: Proceeding with application setup
2025-11-12 15:50:09 [INFO]: Incoming request: POST /api/staff/schedule_list
2025-11-12 15:50:09 [INFO]: 📅 Executing query with dates: 2025_10_31 to 2025_11_11
2025-11-12 15:50:09 [INFO]: ✅ Connection established for listStaffScheduleAll
2025-11-12 15:50:09 [ERROR]: ❌ Error in listStaffScheduleAll: RequestError: Conversion failed when converting date and/or time from character string.
2025-11-12 15:50:09 [ERROR]: Error in listStaffScheduleAll: RequestError: Conversion failed when converting date and/or time from character string.
2025-11-12 15:50:10 [INFO]: Incoming request: POST /api/staff/schedule_list
2025-11-12 15:50:10 [INFO]: 📅 Executing query with dates: 2025_10_31 to 2025_11_11
2025-11-12 15:50:10 [INFO]: ✅ Connection established for listStaffScheduleAll
2025-11-12 15:50:10 [ERROR]: ❌ Error in listStaffScheduleAll: RequestError: Conversion failed when converting date and/or time from character string.
2025-11-12 15:50:10 [ERROR]: Error in listStaffScheduleAll: RequestError: Conversion failed when converting date and/or time from character string.
2025-11-12 15:50:14 [INFO]: Server started at port 8090
2025-11-12 15:50:14 [INFO]: ✅ Connected to VegasDB: nstl_vegas
2025-11-12 15:50:14 [INFO]: Database connection established successfully to nstl_vegas
2025-11-12 15:50:14 [INFO]: Proceeding with application setup
2025-11-12 15:51:42 [INFO]: Server started at port 8090
2025-11-12 15:51:42 [INFO]: ✅ Connected to VegasDB: nstl_vegas
2025-11-12 15:51:42 [INFO]: Database connection established successfully to nstl_vegas
2025-11-12 15:51:42 [INFO]: Proceeding with application setup
2025-11-12 15:51:44 [INFO]: Server started at port 8090
2025-11-12 15:51:44 [INFO]: ✅ Connected to VegasDB: nstl_vegas
2025-11-12 15:51:44 [INFO]: Database connection established successfully to nstl_vegas
2025-11-12 15:51:44 [INFO]: Proceeding with application setup
2025-11-12 15:51:50 [INFO]: Server started at port 8090
2025-11-12 15:51:50 [INFO]: ✅ Connected to VegasDB: nstl_vegas
2025-11-12 15:51:50 [INFO]: Database connection established successfully to nstl_vegas
2025-11-12 15:51:50 [INFO]: Proceeding with application setup
2025-11-12 15:52:53 [INFO]: Server started at port 8090
2025-11-12 15:52:53 [INFO]: ✅ Connected to VegasDB: nstl_vegas
2025-11-12 15:52:53 [INFO]: Database connection established successfully to nstl_vegas
2025-11-12 15:52:53 [INFO]: Proceeding with application setup
2025-11-12 15:52:54 [INFO]: Incoming request: POST /api/staff/schedule_list
2025-11-12 15:52:54 [INFO]: 📅 Executing query with dates: 2025-10-31 to 2025-11-11
2025-11-12 15:52:55 [INFO]: ✅ Fetched and cleaned 2604 staff schedule records
2025-11-12 16:08:44 [INFO]: Server started at port 8090
2025-11-12 16:08:44 [INFO]: ✅ Connected to VegasDB: nstl_vegas
2025-11-12 16:08:44 [INFO]: Database connection established successfully to nstl_vegas
2025-11-12 16:08:44 [INFO]: Proceeding with application setup
2025-11-12 16:08:46 [INFO]: Server started at port 8090
2025-11-12 16:08:46 [INFO]: ✅ Connected to VegasDB: nstl_vegas
2025-11-12 16:08:46 [INFO]: Database connection established successfully to nstl_vegas
2025-11-12 16:08:46 [INFO]: Proceeding with application setup
2025-11-12 16:08:48 [INFO]: Server started at port 8090
2025-11-12 16:08:48 [INFO]: ✅ Connected to VegasDB: nstl_vegas
2025-11-12 16:08:48 [INFO]: Database connection established successfully to nstl_vegas
2025-11-12 16:08:48 [INFO]: Proceeding with application setup
2025-11-12 16:08:49 [INFO]: Server started at port 8090
2025-11-12 16:08:49 [INFO]: ✅ Connected to VegasDB: nstl_vegas
2025-11-12 16:08:49 [INFO]: Database connection established successfully to nstl_vegas
2025-11-12 16:08:49 [INFO]: Proceeding with application setup
2025-11-12 16:08:51 [INFO]: Incoming request: POST /api/staff/schedule_list
2025-11-12 16:08:51 [INFO]: 📅 Executing query with dates: 2025-10-31 to 2025-11-11
2025-11-12 16:08:51 [INFO]: ✅ Fetched and cleaned 2604 staff schedule records
2025-11-12 16:09:10 [INFO]: Server started at port 8090
2025-11-12 16:09:10 [INFO]: ✅ Connected to VegasDB: nstl_vegas
2025-11-12 16:09:10 [INFO]: Database connection established successfully to nstl_vegas
2025-11-12 16:09:10 [INFO]: Proceeding with application setup
2025-11-12 16:09:11 [INFO]: Incoming request: POST /api/staff/schedule_list
2025-11-12 16:09:11 [INFO]: 📅 Executing query with dates: 2025-10-31 to 2025-11-11
2025-11-12 16:09:11 [INFO]: ✅ Fetched and cleaned 2604 staff schedule records
2025-11-12 16:12:55 [INFO]: Incoming request: PUT /api/shift/edit
2025-11-12 16:12:55 [INFO]: 📝 Shift updated for manv: 0753 on 2025-11-09
2025-11-12 16:21:49 [INFO]: Incoming request: POST /api/shift/add
2025-11-12 16:21:55 [INFO]: Incoming request: POST /api/shift/add
2025-11-12 16:22:00 [INFO]: Incoming request: POST /api/shift/add
2025-11-12 16:28:53 [INFO]: Incoming request: POST /api/shift/add
