2025-11-10 11:03:10 [INFO]: Middleware activated
2025-11-10 11:03:10 [INFO]: Home roster APIs accessed
2025-11-10 11:05:32 [INFO]: Middleware activated
2025-11-10 11:05:44 [INFO]: Middleware activated
2025-11-10 11:08:19 [INFO]: Middleware activated
2025-11-10 11:15:15 [INFO]: Database connection established successfully to nstl_vegas
2025-11-10 11:15:15 [INFO]: Proceeding with application setup
2025-11-10 11:15:23 [INFO]: Database connection established successfully to nstl_vegas
2025-11-10 11:15:23 [INFO]: Proceeding with application setup
2025-11-10 11:15:28 [INFO]: Middleware activated
2025-11-10 11:23:27 [INFO]: Database connection established successfully to nstl_vegas
2025-11-10 11:23:27 [INFO]: Proceeding with application setup
2025-11-10 11:23:39 [INFO]: Database connection established successfully to nstl_vegas
2025-11-10 11:23:39 [INFO]: Proceeding with application setup
2025-11-10 11:23:51 [INFO]: Database connection established successfully to nstl_vegas
2025-11-10 11:23:51 [INFO]: Proceeding with application setup
2025-11-10 11:24:04 [INFO]: Database connection established successfully to nstl_vegas
2025-11-10 11:24:04 [INFO]: Proceeding with application setup
2025-11-10 11:24:33 [INFO]: Database connection established successfully to nstl_vegas
2025-11-10 11:24:33 [INFO]: Proceeding with application setup
2025-11-10 11:25:45 [INFO]: Database connection established successfully to nstl_vegas
2025-11-10 11:25:45 [INFO]: Proceeding with application setup
2025-11-10 11:25:47 [ERROR]: ❌ Failed to connect to Vegas Connect DB (nstl_vegas): sql is not defined
2025-11-10 11:25:47 [INFO]: Database connection established successfully to nstl_vegas
2025-11-10 11:25:47 [INFO]: Proceeding with application setup
2025-11-10 11:25:53 [ERROR]: ❌ Failed to connect to Vegas Connect DB (nstl_vegas): sql is not defined
2025-11-10 11:25:54 [INFO]: Database connection established successfully to nstl_vegas
2025-11-10 11:25:54 [INFO]: Proceeding with application setup
2025-11-10 11:25:55 [ERROR]: ❌ Failed to connect to Vegas  DB (nstl_vegas): sql is not defined
2025-11-10 11:25:55 [INFO]: Database connection established successfully to nstl_vegas
2025-11-10 11:25:55 [INFO]: Proceeding with application setup
2025-11-10 11:25:59 [ERROR]: ❌ Failed to connect to Vegas  DB (nstl_vegas): sql is not defined
2025-11-10 11:25:59 [INFO]: Database connection established successfully to nstl_vegas
2025-11-10 11:25:59 [INFO]: Proceeding with application setup
2025-11-10 11:26:02 [ERROR]: ❌ Failed to connect to VegasDB (nstl_vegas): sql is not defined
2025-11-10 11:26:02 [INFO]: Database connection established successfully to nstl_vegas
2025-11-10 11:26:02 [INFO]: Proceeding with application setup
2025-11-10 11:27:03 [INFO]: ✅ Connected to VegasDB: nstl_vegas
2025-11-10 11:27:03 [INFO]: Database connection established successfully to nstl_vegas
2025-11-10 11:27:03 [INFO]: Proceeding with application setup
2025-11-10 11:27:23 [INFO]: ✅ Connected to VegasDB: nstl_vegas
2025-11-10 11:27:23 [INFO]: Database connection established successfully to nstl_vegas
2025-11-10 11:27:23 [INFO]: Proceeding with application setup
2025-11-10 11:27:31 [INFO]: ✅ Connected to VegasDB: nstl_vegas
2025-11-10 11:27:31 [INFO]: Database connection established successfully to nstl_vegas
2025-11-10 11:27:31 [INFO]: Proceeding with application setup
2025-11-10 11:27:34 [INFO]: ✅ Connected to VegasDB: nstl_vegas
2025-11-10 11:27:34 [INFO]: Database connection established successfully to nstl_vegas
2025-11-10 11:27:34 [INFO]: Proceeding with application setup
2025-11-10 11:28:07 [INFO]: Middleware activated
2025-11-10 11:42:00 [INFO]: Middleware activated
2025-11-10 11:42:15 [INFO]: Middleware activated
2025-11-10 11:42:17 [INFO]: Middleware activated
2025-11-10 11:42:17 [INFO]: Middleware activated
2025-11-10 11:43:08 [INFO]: ✅ Connected to VegasDB: nstl_vegas
2025-11-10 11:43:08 [INFO]: Database connection established successfully to nstl_vegas
2025-11-10 11:43:08 [INFO]: Proceeding with application setup
2025-11-10 11:43:33 [INFO]: ✅ Connected to VegasDB: nstl_vegas
2025-11-10 11:43:33 [INFO]: Database connection established successfully to nstl_vegas
2025-11-10 11:43:33 [INFO]: Proceeding with application setup
2025-11-10 11:45:00 [INFO]: Server started at port 8090
2025-11-10 11:45:00 [INFO]: ✅ Connected to VegasDB: nstl_vegas
2025-11-10 11:45:00 [INFO]: Database connection established successfully to nstl_vegas
2025-11-10 11:45:00 [INFO]: Proceeding with application setup
2025-11-10 11:45:06 [INFO]: Server started at port 8090
2025-11-10 11:45:06 [INFO]: ✅ Connected to VegasDB: nstl_vegas
2025-11-10 11:45:06 [INFO]: Database connection established successfully to nstl_vegas
2025-11-10 11:45:06 [INFO]: Proceeding with application setup
2025-11-10 11:45:09 [INFO]: Server started at port 8090
2025-11-10 11:45:09 [INFO]: ✅ Connected to VegasDB: nstl_vegas
2025-11-10 11:45:09 [INFO]: Database connection established successfully to nstl_vegas
2025-11-10 11:45:09 [INFO]: Proceeding with application setup
2025-11-10 11:45:10 [INFO]: Server started at port 8090
2025-11-10 11:45:10 [INFO]: ✅ Connected to VegasDB: nstl_vegas
2025-11-10 11:45:10 [INFO]: Database connection established successfully to nstl_vegas
2025-11-10 11:45:10 [INFO]: Proceeding with application setup
2025-11-10 11:45:17 [INFO]: Server started at port 8090
2025-11-10 11:45:17 [INFO]: ✅ Connected to VegasDB: nstl_vegas
2025-11-10 11:45:17 [INFO]: Database connection established successfully to nstl_vegas
2025-11-10 11:45:17 [INFO]: Proceeding with application setup
2025-11-10 11:50:09 [INFO]: Incoming request: POST /api/staff_schedule_list
2025-11-10 11:50:13 [INFO]: Incoming request: POST /api/staff/staff_schedule_list
2025-11-10 11:50:24 [INFO]: Incoming request: POST /api/staff/staff_schedule_list
2025-11-10 11:50:25 [INFO]: Incoming request: POST /api/staff/staff_schedule_list
2025-11-10 11:50:26 [INFO]: Incoming request: POST /api/staff/staff_schedule_list
2025-11-10 11:50:48 [INFO]: Incoming request: POST /api/shift_data
2025-11-10 11:50:51 [INFO]: Incoming request: POST /api/staff/shift_data
2025-11-10 11:50:54 [INFO]: Incoming request: POST /api/staff/shift_data
2025-11-10 11:51:08 [INFO]: Incoming request: GET /api/staff_leave?staffCode=0882&start=2025-06-01&end=2025-11-03
2025-11-10 11:51:25 [INFO]: Incoming request: POST /api/staff/shift_data
2025-11-10 11:58:05 [INFO]: Incoming request: POST /api/staff/shift_data
2025-11-10 11:58:06 [INFO]: Incoming request: POST /api/staff/shift_data
2025-11-10 11:59:05 [INFO]: Incoming request: POST /api/staff/shift_data
2025-11-10 11:59:36 [INFO]: Incoming request: GET /api/home
2025-11-10 11:59:36 [INFO]: Home roster APIs accessed
2025-11-10 11:59:38 [INFO]: Incoming request: GET /api/home
2025-11-10 11:59:38 [INFO]: Home roster APIs accessed
2025-11-10 11:59:39 [INFO]: Incoming request: GET /api/home
2025-11-10 11:59:39 [INFO]: Home roster APIs accessed
2025-11-10 11:59:44 [INFO]: Server started at port 8090
2025-11-10 11:59:44 [INFO]: ✅ Connected to VegasDB: nstl_vegas
2025-11-10 11:59:44 [INFO]: Database connection established successfully to nstl_vegas
2025-11-10 11:59:44 [INFO]: Proceeding with application setup
2025-11-10 11:59:44 [INFO]: Incoming request: GET /api/home
2025-11-10 11:59:45 [INFO]: Incoming request: GET //home
2025-11-10 11:59:54 [INFO]: Incoming request: GET /home
2025-11-10 11:59:54 [INFO]: Home roster APIs accessed
2025-11-10 11:59:58 [INFO]: Incoming request: POST /api/staff/shift_data
2025-11-10 11:59:59 [INFO]: Incoming request: POST /api/staff/shift_data
2025-11-10 12:00:00 [INFO]: Incoming request: POST /api/staff/shift_data
2025-11-10 12:03:55 [INFO]: Server started at port 8090
2025-11-10 12:03:55 [INFO]: ✅ Connected to VegasDB: nstl_vegas
2025-11-10 12:03:55 [INFO]: Database connection established successfully to nstl_vegas
2025-11-10 12:03:55 [INFO]: Proceeding with application setup
2025-11-10 12:04:02 [INFO]: Incoming request: POST /api/staff/shift_data
2025-11-10 12:04:03 [INFO]: Incoming request: POST /api/staff/shift_data
2025-11-10 12:05:17 [INFO]: Incoming request: POST /api/staff/staff_info
2025-11-10 12:05:45 [INFO]: Incoming request: POST /api/staff/schedule_list
2025-11-10 12:05:45 [INFO]: 📅 Executing query with dates: 2025-10-31 to 2025-11-08
2025-11-10 12:05:45 [INFO]: ✅ Connection established for listStaffScheduleAll
2025-11-10 12:05:46 [INFO]: ✅ Fetched and cleaned 1865 staff schedule records
2025-11-10 12:06:03 [INFO]: Incoming request: POST /api/staff/info
2025-11-10 12:24:45 [INFO]: Server started at port 8090
2025-11-10 12:24:45 [INFO]: ✅ Connected to VegasDB: nstl_vegas
2025-11-10 12:24:45 [INFO]: Database connection established successfully to nstl_vegas
2025-11-10 12:24:45 [INFO]: Proceeding with application setup
2025-11-10 12:24:46 [INFO]: Server started at port 8090
2025-11-10 12:24:46 [INFO]: ✅ Connected to VegasDB: nstl_vegas
2025-11-10 12:24:46 [INFO]: Database connection established successfully to nstl_vegas
2025-11-10 12:24:46 [INFO]: Proceeding with application setup
2025-11-10 12:24:47 [INFO]: Server started at port 8090
2025-11-10 12:24:47 [INFO]: ✅ Connected to VegasDB: nstl_vegas
2025-11-10 12:24:47 [INFO]: Database connection established successfully to nstl_vegas
2025-11-10 12:24:47 [INFO]: Proceeding with application setup
2025-11-10 12:24:50 [INFO]: Server started at port 8090
2025-11-10 12:24:50 [INFO]: ✅ Connected to VegasDB: nstl_vegas
2025-11-10 12:24:50 [INFO]: Database connection established successfully to nstl_vegas
2025-11-10 12:24:50 [INFO]: Proceeding with application setup
2025-11-10 12:25:01 [INFO]: Server started at port 8090
2025-11-10 12:25:01 [INFO]: ✅ Connected to VegasDB: nstl_vegas
2025-11-10 12:25:01 [INFO]: Database connection established successfully to nstl_vegas
2025-11-10 12:25:01 [INFO]: Proceeding with application setup
2025-11-10 12:25:13 [INFO]: Incoming request: GET /api/staff_leave?staffCode=0882&start=2025-06-01&end=2025-11-03
2025-11-10 12:25:22 [INFO]: Server started at port 8090
2025-11-10 12:25:22 [INFO]: ✅ Connected to VegasDB: nstl_vegas
2025-11-10 12:25:22 [INFO]: Database connection established successfully to nstl_vegas
2025-11-10 12:25:22 [INFO]: Proceeding with application setup
2025-11-10 12:25:39 [INFO]: Server started at port 8090
2025-11-10 12:25:39 [INFO]: ✅ Connected to VegasDB: nstl_vegas
2025-11-10 12:25:39 [INFO]: Database connection established successfully to nstl_vegas
2025-11-10 12:25:39 [INFO]: Proceeding with application setup
2025-11-10 12:25:51 [INFO]: Server started at port 8090
2025-11-10 12:25:51 [INFO]: ✅ Connected to VegasDB: nstl_vegas
2025-11-10 12:25:51 [INFO]: Database connection established successfully to nstl_vegas
2025-11-10 12:25:51 [INFO]: Proceeding with application setup
2025-11-10 12:26:05 [INFO]: Server started at port 8090
2025-11-10 12:26:05 [INFO]: ✅ Connected to VegasDB: nstl_vegas
2025-11-10 12:26:05 [INFO]: Database connection established successfully to nstl_vegas
2025-11-10 12:26:05 [INFO]: Proceeding with application setup
2025-11-10 12:26:06 [INFO]: Server started at port 8090
2025-11-10 12:26:06 [INFO]: ✅ Connected to VegasDB: nstl_vegas
2025-11-10 12:26:06 [INFO]: Database connection established successfully to nstl_vegas
2025-11-10 12:26:06 [INFO]: Proceeding with application setup
2025-11-10 12:26:20 [INFO]: Server started at port 8090
2025-11-10 12:26:20 [INFO]: ✅ Connected to VegasDB: nstl_vegas
2025-11-10 12:26:20 [INFO]: Database connection established successfully to nstl_vegas
2025-11-10 12:26:20 [INFO]: Proceeding with application setup
2025-11-10 12:26:26 [INFO]: Server started at port 8090
2025-11-10 12:26:26 [INFO]: ✅ Connected to VegasDB: nstl_vegas
2025-11-10 12:26:26 [INFO]: Database connection established successfully to nstl_vegas
2025-11-10 12:26:26 [INFO]: Proceeding with application setup
2025-11-10 12:26:28 [INFO]: Server started at port 8090
2025-11-10 12:26:28 [INFO]: ✅ Connected to VegasDB: nstl_vegas
2025-11-10 12:26:28 [INFO]: Database connection established successfully to nstl_vegas
2025-11-10 12:26:28 [INFO]: Proceeding with application setup
2025-11-10 12:26:31 [INFO]: Server started at port 8090
2025-11-10 12:26:31 [INFO]: ✅ Connected to VegasDB: nstl_vegas
2025-11-10 12:26:31 [INFO]: Database connection established successfully to nstl_vegas
2025-11-10 12:26:31 [INFO]: Proceeding with application setup
2025-11-10 12:26:39 [INFO]: Server started at port 8090
2025-11-10 12:26:39 [INFO]: ✅ Connected to VegasDB: nstl_vegas
2025-11-10 12:26:39 [INFO]: Database connection established successfully to nstl_vegas
2025-11-10 12:26:39 [INFO]: Proceeding with application setup
2025-11-10 12:26:49 [INFO]: Server started at port 8090
2025-11-10 12:26:49 [INFO]: ✅ Connected to VegasDB: nstl_vegas
2025-11-10 12:26:49 [INFO]: Database connection established successfully to nstl_vegas
2025-11-10 12:26:49 [INFO]: Proceeding with application setup
2025-11-10 12:26:51 [INFO]: Server started at port 8090
2025-11-10 12:26:51 [INFO]: ✅ Connected to VegasDB: nstl_vegas
2025-11-10 12:26:51 [INFO]: Database connection established successfully to nstl_vegas
2025-11-10 12:26:51 [INFO]: Proceeding with application setup
2025-11-10 12:26:54 [INFO]: Server started at port 8090
2025-11-10 12:26:54 [INFO]: ✅ Connected to VegasDB: nstl_vegas
2025-11-10 12:26:54 [INFO]: Database connection established successfully to nstl_vegas
2025-11-10 12:26:54 [INFO]: Proceeding with application setup
2025-11-10 12:26:57 [INFO]: Server started at port 8090
2025-11-10 12:26:57 [INFO]: ✅ Connected to VegasDB: nstl_vegas
2025-11-10 12:26:57 [INFO]: Database connection established successfully to nstl_vegas
2025-11-10 12:26:57 [INFO]: Proceeding with application setup
2025-11-10 12:27:07 [INFO]: Server started at port 8090
2025-11-10 12:27:07 [INFO]: ✅ Connected to VegasDB: nstl_vegas
2025-11-10 12:27:07 [INFO]: Database connection established successfully to nstl_vegas
2025-11-10 12:27:07 [INFO]: Proceeding with application setup
2025-11-10 12:27:23 [INFO]: Server started at port 8090
2025-11-10 12:27:23 [INFO]: ✅ Connected to VegasDB: nstl_vegas
2025-11-10 12:27:23 [INFO]: Database connection established successfully to nstl_vegas
2025-11-10 12:27:23 [INFO]: Proceeding with application setup
2025-11-10 12:27:25 [INFO]: Server started at port 8090
2025-11-10 12:27:25 [INFO]: ✅ Connected to VegasDB: nstl_vegas
2025-11-10 12:27:25 [INFO]: Database connection established successfully to nstl_vegas
2025-11-10 12:27:25 [INFO]: Proceeding with application setup
2025-11-10 12:27:54 [INFO]: Server started at port 8090
2025-11-10 12:27:54 [INFO]: ✅ Connected to VegasDB: nstl_vegas
2025-11-10 12:27:54 [INFO]: Database connection established successfully to nstl_vegas
2025-11-10 12:27:54 [INFO]: Proceeding with application setup
2025-11-10 12:27:56 [INFO]: Server started at port 8090
2025-11-10 12:27:56 [INFO]: ✅ Connected to VegasDB: nstl_vegas
2025-11-10 12:27:56 [INFO]: Database connection established successfully to nstl_vegas
2025-11-10 12:27:56 [INFO]: Proceeding with application setup
2025-11-10 12:28:03 [INFO]: Server started at port 8090
2025-11-10 12:28:03 [INFO]: ✅ Connected to VegasDB: nstl_vegas
2025-11-10 12:28:03 [INFO]: Database connection established successfully to nstl_vegas
2025-11-10 12:28:03 [INFO]: Proceeding with application setup
2025-11-10 12:28:06 [INFO]: Server started at port 8090
2025-11-10 12:28:06 [INFO]: ✅ Connected to VegasDB: nstl_vegas
2025-11-10 12:28:06 [INFO]: Database connection established successfully to nstl_vegas
2025-11-10 12:28:06 [INFO]: Proceeding with application setup
2025-11-10 12:28:10 [INFO]: Server started at port 8090
2025-11-10 12:28:10 [INFO]: ✅ Connected to VegasDB: nstl_vegas
2025-11-10 12:28:10 [INFO]: Database connection established successfully to nstl_vegas
2025-11-10 12:28:10 [INFO]: Proceeding with application setup
2025-11-10 12:28:43 [INFO]: Server started at port 8090
2025-11-10 12:28:43 [INFO]: ✅ Connected to VegasDB: nstl_vegas
2025-11-10 12:28:43 [INFO]: Database connection established successfully to nstl_vegas
2025-11-10 12:28:43 [INFO]: Proceeding with application setup
2025-11-10 12:29:21 [INFO]: Server started at port 8090
2025-11-10 12:29:21 [INFO]: ✅ Connected to VegasDB: nstl_vegas
2025-11-10 12:29:21 [INFO]: Database connection established successfully to nstl_vegas
2025-11-10 12:29:21 [INFO]: Proceeding with application setup
2025-11-10 12:29:36 [INFO]: Server started at port 8090
2025-11-10 12:29:36 [INFO]: ✅ Connected to VegasDB: nstl_vegas
2025-11-10 12:29:36 [INFO]: Database connection established successfully to nstl_vegas
2025-11-10 12:29:36 [INFO]: Proceeding with application setup
2025-11-10 12:30:01 [INFO]: Server started at port 8090
2025-11-10 12:30:01 [INFO]: ✅ Connected to VegasDB: nstl_vegas
2025-11-10 12:30:01 [INFO]: Database connection established successfully to nstl_vegas
2025-11-10 12:30:01 [INFO]: Proceeding with application setup
2025-11-10 12:30:03 [INFO]: Server started at port 8090
2025-11-10 12:30:03 [INFO]: ✅ Connected to VegasDB: nstl_vegas
2025-11-10 12:30:03 [INFO]: Database connection established successfully to nstl_vegas
2025-11-10 12:30:03 [INFO]: Proceeding with application setup
2025-11-10 12:30:18 [INFO]: Server started at port 8090
2025-11-10 12:30:18 [INFO]: ✅ Connected to VegasDB: nstl_vegas
2025-11-10 12:30:18 [INFO]: Database connection established successfully to nstl_vegas
2025-11-10 12:30:18 [INFO]: Proceeding with application setup
2025-11-10 12:30:21 [INFO]: Server started at port 8090
2025-11-10 12:30:21 [INFO]: ✅ Connected to VegasDB: nstl_vegas
2025-11-10 12:30:21 [INFO]: Database connection established successfully to nstl_vegas
2025-11-10 12:30:21 [INFO]: Proceeding with application setup
2025-11-10 12:30:28 [INFO]: Server started at port 8090
2025-11-10 12:30:28 [INFO]: ✅ Connected to VegasDB: nstl_vegas
2025-11-10 12:30:28 [INFO]: Database connection established successfully to nstl_vegas
2025-11-10 12:30:28 [INFO]: Proceeding with application setup
2025-11-10 12:30:29 [INFO]: Server started at port 8090
2025-11-10 12:30:29 [INFO]: ✅ Connected to VegasDB: nstl_vegas
2025-11-10 12:30:29 [INFO]: Database connection established successfully to nstl_vegas
2025-11-10 12:30:29 [INFO]: Proceeding with application setup
2025-11-10 12:30:35 [INFO]: Server started at port 8090
2025-11-10 12:30:35 [INFO]: ✅ Connected to VegasDB: nstl_vegas
2025-11-10 12:30:35 [INFO]: Database connection established successfully to nstl_vegas
2025-11-10 12:30:35 [INFO]: Proceeding with application setup
2025-11-10 12:30:38 [INFO]: Incoming request: GET /api/staff_leave?staffCode=0882&start=2025-06-01&end=2025-11-03
2025-11-10 12:30:45 [INFO]: Server started at port 8090
2025-11-10 12:30:45 [INFO]: ✅ Connected to VegasDB: nstl_vegas
2025-11-10 12:30:45 [INFO]: Database connection established successfully to nstl_vegas
2025-11-10 12:30:45 [INFO]: Proceeding with application setup
2025-11-10 12:30:45 [INFO]: Incoming request: GET /api/staff_leave?staffCode=0882&start=2025-06-01&end=2025-11-03
2025-11-10 12:30:46 [ERROR]: ❌ Error in getStaffALPHData: Invalid object name 'NSTL_VEGAS.dbo.NhanVien'.
2025-11-10 12:31:18 [INFO]: Server started at port 8090
2025-11-10 12:31:18 [INFO]: ✅ Connected to VegasDB: nstl_vegas
2025-11-10 12:31:18 [INFO]: Database connection established successfully to nstl_vegas
2025-11-10 12:31:18 [INFO]: Proceeding with application setup
2025-11-10 12:31:21 [INFO]: Incoming request: GET /api/staff_leave?staffCode=0882&start=2025-06-01&end=2025-11-03
2025-11-10 14:30:16 [INFO]: Server started at port 8090
2025-11-10 14:30:17 [INFO]: ✅ Connected to VegasDB: nstl_vegas
2025-11-10 14:30:17 [INFO]: Database connection established successfully to nstl_vegas
2025-11-10 14:30:17 [INFO]: Proceeding with application setup
2025-11-10 14:30:17 [INFO]: Server started at port 8090
2025-11-10 14:30:18 [INFO]: ✅ Connected to VegasDB: nstl_vegas
2025-11-10 14:30:18 [INFO]: Database connection established successfully to nstl_vegas
2025-11-10 14:30:18 [INFO]: Proceeding with application setup
2025-11-10 14:30:19 [INFO]: Server started at port 8090
2025-11-10 14:30:19 [INFO]: ✅ Connected to VegasDB: nstl_vegas
2025-11-10 14:30:19 [INFO]: Database connection established successfully to nstl_vegas
2025-11-10 14:30:19 [INFO]: Proceeding with application setup
2025-11-10 14:38:36 [INFO]: Incoming request: POST /api/staff/schedule_list
2025-11-10 14:38:36 [INFO]: 📅 Executing query with dates: 2025-09-31 to 2025-11-08
2025-11-10 14:38:37 [INFO]: ✅ Connection established for listStaffScheduleAll
2025-11-10 14:38:37 [ERROR]: ❌ Error in listStaffScheduleAll: RequestError: The conversion of a nvarchar data type to a datetime data type resulted in an out-of-range value.
2025-11-10 14:38:37 [ERROR]: Error in listStaffScheduleAll: RequestError: The conversion of a nvarchar data type to a datetime data type resulted in an out-of-range value.
2025-11-10 14:38:44 [INFO]: Incoming request: POST /api/staff/schedule_list
2025-11-10 14:38:44 [INFO]: 📅 Executing query with dates: 2025-09-01 to 2025-11-08
2025-11-10 14:38:44 [INFO]: ✅ Connection established for listStaffScheduleAll
2025-11-10 14:38:46 [INFO]: ✅ Fetched and cleaned 14976 staff schedule records
2025-11-10 14:40:57 [INFO]: Server started at port 8090
2025-11-10 14:40:57 [INFO]: ✅ Connected to VegasDB: nstl_vegas
2025-11-10 14:40:57 [INFO]: Database connection established successfully to nstl_vegas
2025-11-10 14:40:57 [INFO]: Proceeding with application setup
2025-11-10 14:55:39 [INFO]: Incoming request: GET /api/staff_leave?staffCode=0753&start=2025-06-01&end=2025-11-03
2025-11-10 14:55:47 [INFO]: Incoming request: GET /api/staff_leave?staffCode=0882&start=2025-06-01&end=2025-11-03
2025-11-10 15:11:00 [INFO]: Server started at port 8090
2025-11-10 15:11:01 [INFO]: ✅ Connected to VegasDB: nstl_vegas
2025-11-10 15:11:01 [INFO]: Database connection established successfully to nstl_vegas
2025-11-10 15:11:01 [INFO]: Proceeding with application setup
2025-11-10 15:11:06 [INFO]: Server started at port 8090
2025-11-10 15:11:07 [INFO]: ✅ Connected to VegasDB: nstl_vegas
2025-11-10 15:11:07 [INFO]: Database connection established successfully to nstl_vegas
2025-11-10 15:11:07 [INFO]: Proceeding with application setup
2025-11-10 15:11:14 [INFO]: Server started at port 8090
2025-11-10 15:11:14 [INFO]: ✅ Connected to VegasDB: nstl_vegas
2025-11-10 15:11:14 [INFO]: Database connection established successfully to nstl_vegas
2025-11-10 15:11:14 [INFO]: Proceeding with application setup
2025-11-10 15:11:17 [INFO]: Server started at port 8090
2025-11-10 15:11:17 [INFO]: ✅ Connected to VegasDB: nstl_vegas
2025-11-10 15:11:17 [INFO]: Database connection established successfully to nstl_vegas
2025-11-10 15:11:17 [INFO]: Proceeding with application setup
2025-11-10 15:11:27 [INFO]: Server started at port 8090
2025-11-10 15:11:27 [INFO]: ✅ Connected to VegasDB: nstl_vegas
2025-11-10 15:11:27 [INFO]: Database connection established successfully to nstl_vegas
2025-11-10 15:11:27 [INFO]: Proceeding with application setup
2025-11-10 15:11:31 [INFO]: Server started at port 8090
2025-11-10 15:11:31 [INFO]: ✅ Connected to VegasDB: nstl_vegas
2025-11-10 15:11:31 [INFO]: Database connection established successfully to nstl_vegas
2025-11-10 15:11:31 [INFO]: Proceeding with application setup
2025-11-10 15:11:40 [INFO]: Server started at port 8090
2025-11-10 15:11:40 [INFO]: ✅ Connected to VegasDB: nstl_vegas
2025-11-10 15:11:40 [INFO]: Database connection established successfully to nstl_vegas
2025-11-10 15:11:40 [INFO]: Proceeding with application setup
2025-11-10 15:11:47 [INFO]: Server started at port 8090
2025-11-10 15:11:48 [INFO]: ✅ Connected to VegasDB: nstl_vegas
2025-11-10 15:11:48 [INFO]: Database connection established successfully to nstl_vegas
2025-11-10 15:11:48 [INFO]: Proceeding with application setup
2025-11-10 15:12:07 [INFO]: Server started at port 8090
2025-11-10 15:12:07 [INFO]: ✅ Connected to VegasDB: nstl_vegas
2025-11-10 15:12:07 [INFO]: Database connection established successfully to nstl_vegas
2025-11-10 15:12:07 [INFO]: Proceeding with application setup
2025-11-10 15:12:13 [INFO]: Server started at port 8090
2025-11-10 15:12:13 [INFO]: ✅ Connected to VegasDB: nstl_vegas
2025-11-10 15:12:13 [INFO]: Database connection established successfully to nstl_vegas
2025-11-10 15:12:13 [INFO]: Proceeding with application setup
2025-11-10 15:12:16 [INFO]: Server started at port 8090
2025-11-10 15:12:16 [INFO]: ✅ Connected to VegasDB: nstl_vegas
2025-11-10 15:12:16 [INFO]: Database connection established successfully to nstl_vegas
2025-11-10 15:12:16 [INFO]: Proceeding with application setup
2025-11-10 15:14:46 [INFO]: Server started at port 8090
2025-11-10 15:14:46 [INFO]: ✅ Connected to VegasDB: nstl_vegas
2025-11-10 15:14:46 [INFO]: Database connection established successfully to nstl_vegas
2025-11-10 15:14:46 [INFO]: Proceeding with application setup
2025-11-10 15:14:47 [INFO]: Server started at port 8090
2025-11-10 15:14:47 [INFO]: ✅ Connected to VegasDB: nstl_vegas
2025-11-10 15:14:47 [INFO]: Database connection established successfully to nstl_vegas
2025-11-10 15:14:47 [INFO]: Proceeding with application setup
2025-11-10 15:23:40 [INFO]: Incoming request: POST /api/staff_leave/add_al
2025-11-10 15:23:40 [ERROR]: ❌ Error in addAL: Validation failed for parameter 'ngay'. Invalid date.
2025-11-10 15:23:51 [INFO]: Incoming request: POST /api/staff_leave/add_al
2025-11-10 15:23:57 [INFO]: Incoming request: GET /api/staff_leave?staffCode=0882&start=2025-06-01&end=2025-11-03
2025-11-10 15:23:59 [INFO]: Incoming request: GET /api/staff_leave?staffCode=0882&start=2025-06-01&end=2025-11-03
2025-11-10 15:24:08 [INFO]: Incoming request: GET /api/staff_leave?staffCode=0753&start=2025-06-01&end=2025-11-03
2025-11-10 15:24:45 [INFO]: Server started at port 8090
2025-11-10 15:24:45 [INFO]: ✅ Connected to VegasDB: nstl_vegas
2025-11-10 15:24:45 [INFO]: Database connection established successfully to nstl_vegas
2025-11-10 15:24:45 [INFO]: Proceeding with application setup
2025-11-10 15:25:14 [INFO]: Server started at port 8090
2025-11-10 15:25:14 [INFO]: ✅ Connected to VegasDB: nstl_vegas
2025-11-10 15:25:14 [INFO]: Database connection established successfully to nstl_vegas
2025-11-10 15:25:14 [INFO]: Proceeding with application setup
2025-11-10 15:52:39 [INFO]: Incoming request: POST /api/staff/shift_data
2025-11-10 15:52:40 [INFO]: Incoming request: POST /api/staff/shift_data
2025-11-10 15:52:41 [INFO]: Incoming request: POST /api/staff/shift_data
2025-11-10 15:52:46 [INFO]: Incoming request: POST /api/staff/schedule_list
2025-11-10 15:52:46 [INFO]: 📅 Executing query with dates: 2025-09-01 to 2025-11-10
2025-11-10 15:52:47 [INFO]: ✅ Connection established for listStaffScheduleAll
2025-11-10 15:52:49 [INFO]: ✅ Fetched and cleaned 15376 staff schedule records
2025-11-10 15:53:08 [INFO]: Incoming request: POST /api/staff/schedule_list
2025-11-10 15:53:08 [INFO]: 📅 Executing query with dates: 2025-09-01 to 2025-10-01
2025-11-10 15:53:08 [INFO]: ✅ Connection established for listStaffScheduleAll
2025-11-10 15:53:09 [INFO]: ✅ Fetched and cleaned 6694 staff schedule records
2025-11-10 15:57:50 [INFO]: Server started at port 8090
2025-11-10 15:57:50 [INFO]: ✅ Connected to VegasDB: nstl_vegas
2025-11-10 15:57:50 [INFO]: Database connection established successfully to nstl_vegas
2025-11-10 15:57:50 [INFO]: Proceeding with application setup
2025-11-10 15:57:55 [INFO]: Server started at port 8090
2025-11-10 15:57:55 [INFO]: ✅ Connected to VegasDB: nstl_vegas
2025-11-10 15:57:55 [INFO]: Database connection established successfully to nstl_vegas
2025-11-10 15:57:55 [INFO]: Proceeding with application setup
2025-11-10 15:57:59 [INFO]: Server started at port 8090
2025-11-10 15:58:00 [INFO]: ✅ Connected to VegasDB: nstl_vegas
2025-11-10 15:58:00 [INFO]: Database connection established successfully to nstl_vegas
2025-11-10 15:58:00 [INFO]: Proceeding with application setup
2025-11-10 15:58:02 [INFO]: Server started at port 8090
2025-11-10 15:58:02 [INFO]: ✅ Connected to VegasDB: nstl_vegas
2025-11-10 15:58:02 [INFO]: Database connection established successfully to nstl_vegas
2025-11-10 15:58:02 [INFO]: Proceeding with application setup
2025-11-10 15:58:09 [INFO]: Server started at port 8090
2025-11-10 15:58:10 [INFO]: ✅ Connected to VegasDB: nstl_vegas
2025-11-10 15:58:10 [INFO]: Database connection established successfully to nstl_vegas
2025-11-10 15:58:10 [INFO]: Proceeding with application setup
2025-11-10 15:59:15 [INFO]: Server started at port 8090
2025-11-10 15:59:15 [INFO]: ✅ Connected to VegasDB: nstl_vegas
2025-11-10 15:59:15 [INFO]: Database connection established successfully to nstl_vegas
2025-11-10 15:59:15 [INFO]: Proceeding with application setup
2025-11-10 15:59:17 [INFO]: Server started at port 8090
2025-11-10 15:59:17 [INFO]: ✅ Connected to VegasDB: nstl_vegas
2025-11-10 15:59:17 [INFO]: Database connection established successfully to nstl_vegas
2025-11-10 15:59:17 [INFO]: Proceeding with application setup
2025-11-10 15:59:21 [INFO]: Server started at port 8090
2025-11-10 15:59:21 [INFO]: ✅ Connected to VegasDB: nstl_vegas
2025-11-10 15:59:21 [INFO]: Database connection established successfully to nstl_vegas
2025-11-10 15:59:21 [INFO]: Proceeding with application setup
2025-11-10 15:59:22 [INFO]: Server started at port 8090
2025-11-10 15:59:22 [INFO]: ✅ Connected to VegasDB: nstl_vegas
2025-11-10 15:59:22 [INFO]: Database connection established successfully to nstl_vegas
2025-11-10 15:59:22 [INFO]: Proceeding with application setup
2025-11-10 15:59:25 [INFO]: Server started at port 8090
2025-11-10 15:59:26 [INFO]: ✅ Connected to VegasDB: nstl_vegas
2025-11-10 15:59:26 [INFO]: Database connection established successfully to nstl_vegas
2025-11-10 15:59:26 [INFO]: Proceeding with application setup
2025-11-10 15:59:30 [INFO]: Server started at port 8090
2025-11-10 15:59:30 [INFO]: ✅ Connected to VegasDB: nstl_vegas
2025-11-10 15:59:30 [INFO]: Database connection established successfully to nstl_vegas
2025-11-10 15:59:30 [INFO]: Proceeding with application setup
2025-11-10 15:59:32 [INFO]: Server started at port 8090
2025-11-10 15:59:33 [INFO]: ✅ Connected to VegasDB: nstl_vegas
2025-11-10 15:59:33 [INFO]: Database connection established successfully to nstl_vegas
2025-11-10 15:59:33 [INFO]: Proceeding with application setup
2025-11-10 15:59:34 [INFO]: Server started at port 8090
2025-11-10 15:59:35 [INFO]: ✅ Connected to VegasDB: nstl_vegas
2025-11-10 15:59:35 [INFO]: Database connection established successfully to nstl_vegas
2025-11-10 15:59:35 [INFO]: Proceeding with application setup
2025-11-10 15:59:57 [INFO]: Server started at port 8090
2025-11-10 15:59:57 [INFO]: ✅ Connected to VegasDB: nstl_vegas
2025-11-10 15:59:57 [INFO]: Database connection established successfully to nstl_vegas
2025-11-10 15:59:57 [INFO]: Proceeding with application setup
2025-11-10 16:00:00 [INFO]: Server started at port 8090
2025-11-10 16:00:00 [INFO]: ✅ Connected to VegasDB: nstl_vegas
2025-11-10 16:00:00 [INFO]: Database connection established successfully to nstl_vegas
2025-11-10 16:00:00 [INFO]: Proceeding with application setup
2025-11-10 16:00:15 [INFO]: Server started at port 8090
2025-11-10 16:00:15 [INFO]: ✅ Connected to VegasDB: nstl_vegas
2025-11-10 16:00:15 [INFO]: Database connection established successfully to nstl_vegas
2025-11-10 16:00:15 [INFO]: Proceeding with application setup
2025-11-10 16:00:17 [INFO]: Server started at port 8090
2025-11-10 16:00:17 [INFO]: ✅ Connected to VegasDB: nstl_vegas
2025-11-10 16:00:17 [INFO]: Database connection established successfully to nstl_vegas
2025-11-10 16:00:17 [INFO]: Proceeding with application setup
2025-11-10 16:00:23 [INFO]: Server started at port 8090
2025-11-10 16:00:23 [INFO]: ✅ Connected to VegasDB: nstl_vegas
2025-11-10 16:00:23 [INFO]: Database connection established successfully to nstl_vegas
2025-11-10 16:00:23 [INFO]: Proceeding with application setup
2025-11-10 16:00:26 [INFO]: Server started at port 8090
2025-11-10 16:00:26 [INFO]: ✅ Connected to VegasDB: nstl_vegas
2025-11-10 16:00:26 [INFO]: Database connection established successfully to nstl_vegas
2025-11-10 16:00:26 [INFO]: Proceeding with application setup
2025-11-10 16:00:30 [INFO]: Server started at port 8090
2025-11-10 16:00:30 [INFO]: ✅ Connected to VegasDB: nstl_vegas
2025-11-10 16:00:30 [INFO]: Database connection established successfully to nstl_vegas
2025-11-10 16:00:30 [INFO]: Proceeding with application setup
2025-11-10 16:01:46 [INFO]: Server started at port 8090
2025-11-10 16:01:46 [INFO]: ✅ Connected to VegasDB: nstl_vegas
2025-11-10 16:01:46 [INFO]: Database connection established successfully to nstl_vegas
2025-11-10 16:01:46 [INFO]: Proceeding with application setup
2025-11-10 16:01:53 [INFO]: Server started at port 8090
2025-11-10 16:01:53 [INFO]: ✅ Connected to VegasDB: nstl_vegas
2025-11-10 16:01:53 [INFO]: Database connection established successfully to nstl_vegas
2025-11-10 16:01:53 [INFO]: Proceeding with application setup
2025-11-10 16:01:58 [INFO]: Server started at port 8090
2025-11-10 16:01:58 [INFO]: ✅ Connected to VegasDB: nstl_vegas
2025-11-10 16:01:58 [INFO]: Database connection established successfully to nstl_vegas
2025-11-10 16:01:58 [INFO]: Proceeding with application setup
2025-11-10 16:02:19 [INFO]: Server started at port 8090
2025-11-10 16:02:19 [INFO]: ✅ Connected to VegasDB: nstl_vegas
2025-11-10 16:02:19 [INFO]: Database connection established successfully to nstl_vegas
2025-11-10 16:02:19 [INFO]: Proceeding with application setup
2025-11-10 16:02:32 [INFO]: Incoming request: GET /api/staff/al_ph?staffCode=0753&start=2025-06-01&end=2025-11-03
2025-11-10 16:02:42 [INFO]: Incoming request: POST /api/staff/add_al
2025-11-10 16:02:43 [ERROR]: ❌ Error in addAL: Violation of PRIMARY KEY constraint 'PK_phep_al'. Cannot insert duplicate key in object 'dbo.phep_al'. The duplicate key value is (0, 0753                , Nov  1 2025 12:00AM).
2025-11-10 16:02:51 [INFO]: Incoming request: POST /api/staff/add_al
2025-11-10 16:09:19 [INFO]: Incoming request: GET /api/staff/al_ph?staffCode=0753&start=2025-06-01&end=2025-11-10
2025-11-10 16:09:23 [INFO]: Incoming request: GET /api/staff/al_ph?staffCode=0753&start=2025-06-01&end=2025-11-10
2025-11-10 16:09:48 [INFO]: Incoming request: POST /api/staff/add_al
2025-11-10 16:09:48 [ERROR]: ❌ Error in addAL: Violation of PRIMARY KEY constraint 'PK_phep_al'. Cannot insert duplicate key in object 'dbo.phep_al'. The duplicate key value is (0, 0753                , Nov  1 2025 12:00AM).
2025-11-10 16:10:00 [INFO]: Incoming request: POST /api/staff/add_al
2025-11-10 16:10:00 [ERROR]: ❌ Error in addAL: Violation of PRIMARY KEY constraint 'PK_phep_al'. Cannot insert duplicate key in object 'dbo.phep_al'. The duplicate key value is (0, 0753                , Nov  1 2025 12:00AM).
2025-11-10 16:10:06 [INFO]: Incoming request: POST /api/staff/add_al
2025-11-10 16:10:59 [INFO]: Server started at port 8090
2025-11-10 16:10:59 [INFO]: ✅ Connected to VegasDB: nstl_vegas
2025-11-10 16:10:59 [INFO]: Database connection established successfully to nstl_vegas
2025-11-10 16:10:59 [INFO]: Proceeding with application setup
2025-11-10 16:11:11 [INFO]: Server started at port 8090
2025-11-10 16:11:11 [INFO]: ✅ Connected to VegasDB: nstl_vegas
2025-11-10 16:11:11 [INFO]: Database connection established successfully to nstl_vegas
2025-11-10 16:11:11 [INFO]: Proceeding with application setup
2025-11-10 16:11:18 [INFO]: Server started at port 8090
2025-11-10 16:11:18 [INFO]: ✅ Connected to VegasDB: nstl_vegas
2025-11-10 16:11:18 [INFO]: Database connection established successfully to nstl_vegas
2025-11-10 16:11:18 [INFO]: Proceeding with application setup
2025-11-10 16:12:08 [INFO]: Server started at port 8090
2025-11-10 16:12:08 [INFO]: ✅ Connected to VegasDB: nstl_vegas
2025-11-10 16:12:08 [INFO]: Database connection established successfully to nstl_vegas
2025-11-10 16:12:08 [INFO]: Proceeding with application setup
