2025-11-11 16:18:38 [INFO]: Server started at port 8090
2025-11-11 16:18:38 [INFO]: ✅ Connected to VegasDB: nstl_vegas
2025-11-11 16:18:38 [INFO]: Database connection established successfully to nstl_vegas
2025-11-11 16:18:38 [INFO]: Proceeding with application setup
2025-11-11 16:20:03 [INFO]: Incoming request: POST /api/staff/schedule_list
2025-11-11 16:20:03 [INFO]: 📅 Executing query with dates: 2025-09-01 to 2025-10-01
2025-11-11 16:20:03 [INFO]: ✅ Connection established for listStaffScheduleAll
2025-11-11 16:20:05 [INFO]: ✅ Fetched and cleaned 6694 staff schedule records
2025-11-11 16:24:15 [INFO]: Incoming request: POST /api/staff_ph_list
2025-11-11 16:24:26 [INFO]: Incoming request: POST /api/staff/shift_data
2025-11-11 16:24:27 [INFO]: Incoming request: POST /api/staff/shift_data
2025-11-11 16:24:30 [INFO]: Incoming request: POST /api/staff/schedule_list
2025-11-11 16:24:30 [INFO]: 📅 Executing query with dates: 2025-09-01 to 2025-10-01
2025-11-11 16:24:30 [INFO]: ✅ Connection established for listStaffScheduleAll
2025-11-11 16:24:31 [INFO]: ✅ Fetched and cleaned 6694 staff schedule records
2025-11-11 16:24:34 [INFO]: Incoming request: POST /api/staff/info
2025-11-11 16:24:37 [INFO]: Incoming request: POST /api/staff/shift_data
2025-11-11 16:28:23 [INFO]: Incoming request: POST /api/staff/add_al
2025-11-11 16:28:23 [ERROR]: ❌ Error in addAL: Violation of PRIMARY KEY constraint 'PK_phep_al'. Cannot insert duplicate key in object 'dbo.phep_al'. The duplicate key value is (0, 0753                , Nov  3 2025 12:00AM).
2025-11-11 16:28:31 [INFO]: Incoming request: GET /api/staff/al_ph?staffCode=0753&start=2025-06-01&end=2025-11-10
2025-11-11 16:28:32 [INFO]: Incoming request: GET /api/staff/al_ph?staffCode=0753&start=2025-06-01&end=2025-11-10
2025-11-11 16:28:34 [INFO]: Incoming request: GET /api/staff/al_ph?staffCode=0753&start=2025-06-01&end=2025-11-10
2025-11-11 16:28:35 [INFO]: Incoming request: GET /api/staff/al_ph?staffCode=0753&start=2025-06-01&end=2025-11-10
2025-11-11 16:29:06 [INFO]: Incoming request: POST /api/staff/add_shift
2025-11-11 16:58:33 [INFO]: Server started at port 8090
2025-11-11 16:58:33 [INFO]: ✅ Connected to VegasDB: nstl_vegas
2025-11-11 16:58:33 [INFO]: Database connection established successfully to nstl_vegas
2025-11-11 16:58:33 [INFO]: Proceeding with application setup
2025-11-11 16:59:18 [INFO]: Incoming request: POST /api/staff/add
2025-11-11 16:59:37 [INFO]: Incoming request: POST /api/staff/add
2025-11-11 16:59:39 [INFO]: Incoming request: POST /api/staff/add
2025-11-11 16:59:39 [INFO]: Incoming request: POST /api/staff/add
2025-11-11 16:59:40 [INFO]: Incoming request: POST /api/staff/add
2025-11-11 17:00:00 [INFO]: Incoming request: POST /api/shift/add
2025-11-11 17:00:00 [ERROR]: ❌ Error in addShift: Cannot insert the value NULL into column 'phongban', table 'NSTL_VEGAS_CONNECT.dbo.XepCaNgay'; column does not allow nulls. INSERT fails.
2025-11-11 17:00:34 [INFO]: Server started at port 8090
2025-11-11 17:00:34 [INFO]: ✅ Connected to VegasDB: nstl_vegas
2025-11-11 17:00:34 [INFO]: Database connection established successfully to nstl_vegas
2025-11-11 17:00:34 [INFO]: Proceeding with application setup
2025-11-11 17:01:27 [INFO]: Incoming request: POST /api/shift/add
2025-11-11 17:01:45 [INFO]: Incoming request: POST /api/shift/add
2025-11-11 17:01:45 [ERROR]: ❌ Error in addShift: Cannot insert the value NULL into column 'nhom', table 'NSTL_VEGAS_CONNECT.dbo.XepCaNgay'; column does not allow nulls. INSERT fails.
2025-11-11 17:05:43 [INFO]: Server started at port 8090
2025-11-11 17:05:43 [INFO]: ✅ Connected to VegasDB: nstl_vegas
2025-11-11 17:05:43 [INFO]: Database connection established successfully to nstl_vegas
2025-11-11 17:05:43 [INFO]: Proceeding with application setup
2025-11-11 17:05:49 [INFO]: Server started at port 8090
2025-11-11 17:05:49 [INFO]: ✅ Connected to VegasDB: nstl_vegas
2025-11-11 17:05:49 [INFO]: Database connection established successfully to nstl_vegas
2025-11-11 17:05:49 [INFO]: Proceeding with application setup
2025-11-11 17:05:50 [INFO]: Server started at port 8090
2025-11-11 17:05:50 [INFO]: ✅ Connected to VegasDB: nstl_vegas
2025-11-11 17:05:50 [INFO]: Database connection established successfully to nstl_vegas
2025-11-11 17:05:50 [INFO]: Proceeding with application setup
2025-11-11 17:05:52 [INFO]: Server started at port 8090
2025-11-11 17:05:52 [INFO]: ✅ Connected to VegasDB: nstl_vegas
2025-11-11 17:05:52 [INFO]: Database connection established successfully to nstl_vegas
2025-11-11 17:05:52 [INFO]: Proceeding with application setup
2025-11-11 17:05:56 [INFO]: Server started at port 8090
2025-11-11 17:05:56 [INFO]: ✅ Connected to VegasDB: nstl_vegas
2025-11-11 17:05:56 [INFO]: Database connection established successfully to nstl_vegas
2025-11-11 17:05:56 [INFO]: Proceeding with application setup
2025-11-11 17:05:59 [INFO]: Server started at port 8090
2025-11-11 17:05:59 [INFO]: ✅ Connected to VegasDB: nstl_vegas
2025-11-11 17:05:59 [INFO]: Database connection established successfully to nstl_vegas
2025-11-11 17:05:59 [INFO]: Proceeding with application setup
2025-11-11 17:06:02 [INFO]: Server started at port 8090
2025-11-11 17:06:02 [INFO]: ✅ Connected to VegasDB: nstl_vegas
2025-11-11 17:06:02 [INFO]: Database connection established successfully to nstl_vegas
2025-11-11 17:06:02 [INFO]: Proceeding with application setup
2025-11-11 17:09:04 [INFO]: Incoming request: POST /api/shift/add
2025-11-11 17:09:04 [ERROR]: ❌ Error in addShift: Cannot insert the value NULL into column 'nhom', table 'NSTL_VEGAS_CONNECT.dbo.XepCaNgay'; column does not allow nulls. INSERT fails.
2025-11-11 17:09:06 [INFO]: Incoming request: POST /api/shift/add
2025-11-11 17:09:06 [ERROR]: ❌ Error in addShift: Cannot insert the value NULL into column 'nhom', table 'NSTL_VEGAS_CONNECT.dbo.XepCaNgay'; column does not allow nulls. INSERT fails.
2025-11-11 17:09:22 [INFO]: Server started at port 8090
2025-11-11 17:09:22 [INFO]: ✅ Connected to VegasDB: nstl_vegas
2025-11-11 17:09:22 [INFO]: Database connection established successfully to nstl_vegas
2025-11-11 17:09:22 [INFO]: Proceeding with application setup
2025-11-11 17:09:32 [INFO]: Incoming request: POST /api/shift/add
2025-11-11 17:09:32 [ERROR]: ❌ Error in addShift: Cannot insert the value NULL into column 'khuvuc', table 'NSTL_VEGAS_CONNECT.dbo.XepCaNgay'; column does not allow nulls. INSERT fails.
2025-11-11 17:09:38 [INFO]: Server started at port 8090
2025-11-11 17:09:38 [INFO]: ✅ Connected to VegasDB: nstl_vegas
2025-11-11 17:09:38 [INFO]: Database connection established successfully to nstl_vegas
2025-11-11 17:09:38 [INFO]: Proceeding with application setup
2025-11-11 17:09:39 [INFO]: Server started at port 8090
2025-11-11 17:09:39 [INFO]: ✅ Connected to VegasDB: nstl_vegas
2025-11-11 17:09:39 [INFO]: Database connection established successfully to nstl_vegas
2025-11-11 17:09:39 [INFO]: Proceeding with application setup
2025-11-11 17:09:40 [INFO]: Server started at port 8090
2025-11-11 17:09:40 [INFO]: ✅ Connected to VegasDB: nstl_vegas
2025-11-11 17:09:40 [INFO]: Database connection established successfully to nstl_vegas
2025-11-11 17:09:40 [INFO]: Proceeding with application setup
2025-11-11 17:09:41 [INFO]: Incoming request: POST /api/shift/add
2025-11-11 17:10:05 [INFO]: Incoming request: POST /api/staff/shift_data
2025-11-11 17:10:05 [INFO]: Incoming request: POST /api/staff/shift_data
2025-11-11 17:10:09 [INFO]: Incoming request: POST /api/staff/schedule_list
2025-11-11 17:10:09 [INFO]: 📅 Executing query with dates: 2025-09-01 to 2025-10-01
2025-11-11 17:10:09 [INFO]: ✅ Connection established for listStaffScheduleAll
2025-11-11 17:10:11 [INFO]: ✅ Fetched and cleaned 6694 staff schedule records
2025-11-11 17:10:31 [INFO]: Incoming request: POST /api/staff/schedule_list
2025-11-11 17:10:31 [INFO]: 📅 Executing query with dates: 2025-10-31 to 2025-11-11
2025-11-11 17:10:31 [INFO]: ✅ Connection established for listStaffScheduleAll
2025-11-11 17:10:32 [INFO]: ✅ Fetched and cleaned 2604 staff schedule records
2025-11-11 17:14:53 [INFO]: Incoming request: POST /api/shift/add
2025-11-11 17:17:20 [INFO]: Server started at port 8090
2025-11-11 17:17:21 [INFO]: ✅ Connected to VegasDB: nstl_vegas
2025-11-11 17:17:21 [INFO]: Database connection established successfully to nstl_vegas
2025-11-11 17:17:21 [INFO]: Proceeding with application setup
2025-11-11 17:17:23 [INFO]: Server started at port 8090
2025-11-11 17:17:23 [INFO]: ✅ Connected to VegasDB: nstl_vegas
2025-11-11 17:17:23 [INFO]: Database connection established successfully to nstl_vegas
2025-11-11 17:17:23 [INFO]: Proceeding with application setup
2025-11-11 17:17:27 [INFO]: Server started at port 8090
2025-11-11 17:17:27 [INFO]: ✅ Connected to VegasDB: nstl_vegas
2025-11-11 17:17:27 [INFO]: Database connection established successfully to nstl_vegas
2025-11-11 17:17:27 [INFO]: Proceeding with application setup
2025-11-11 17:20:23 [INFO]: Server started at port 8090
2025-11-11 17:20:23 [INFO]: ✅ Connected to VegasDB: nstl_vegas
2025-11-11 17:20:23 [INFO]: Database connection established successfully to nstl_vegas
2025-11-11 17:20:23 [INFO]: Proceeding with application setup
2025-11-11 17:20:49 [INFO]: Server started at port 8090
2025-11-11 17:20:49 [INFO]: ✅ Connected to VegasDB: nstl_vegas
2025-11-11 17:20:49 [INFO]: Database connection established successfully to nstl_vegas
2025-11-11 17:20:49 [INFO]: Proceeding with application setup
2025-11-11 17:20:50 [INFO]: Server started at port 8090
2025-11-11 17:20:50 [INFO]: ✅ Connected to VegasDB: nstl_vegas
2025-11-11 17:20:50 [INFO]: Database connection established successfully to nstl_vegas
2025-11-11 17:20:50 [INFO]: Proceeding with application setup
2025-11-11 17:21:44 [INFO]: Server started at port 8090
2025-11-11 17:21:44 [INFO]: ✅ Connected to VegasDB: nstl_vegas
2025-11-11 17:21:44 [INFO]: Database connection established successfully to nstl_vegas
2025-11-11 17:21:44 [INFO]: Proceeding with application setup
2025-11-11 17:21:47 [INFO]: Server started at port 8090
2025-11-11 17:21:47 [INFO]: ✅ Connected to VegasDB: nstl_vegas
2025-11-11 17:21:47 [INFO]: Database connection established successfully to nstl_vegas
2025-11-11 17:21:47 [INFO]: Proceeding with application setup
2025-11-11 17:21:54 [INFO]: Incoming request: POST /api/shift/add
2025-11-11 17:22:49 [INFO]: Server started at port 8090
2025-11-11 17:22:49 [INFO]: ✅ Connected to VegasDB: nstl_vegas
2025-11-11 17:22:49 [INFO]: Database connection established successfully to nstl_vegas
2025-11-11 17:22:49 [INFO]: Proceeding with application setup
2025-11-11 17:22:59 [INFO]: Incoming request: POST /api/shift/add
2025-11-11 17:22:59 [INFO]: ✅ Shift added for manv: 0753 on 2025-11-09
2025-11-11 17:23:07 [INFO]: Server started at port 8090
2025-11-11 17:23:07 [INFO]: ✅ Connected to VegasDB: nstl_vegas
2025-11-11 17:23:07 [INFO]: Database connection established successfully to nstl_vegas
2025-11-11 17:23:07 [INFO]: Proceeding with application setup
2025-11-11 17:23:08 [INFO]: Server started at port 8090
2025-11-11 17:23:08 [INFO]: ✅ Connected to VegasDB: nstl_vegas
2025-11-11 17:23:08 [INFO]: Database connection established successfully to nstl_vegas
2025-11-11 17:23:08 [INFO]: Proceeding with application setup
2025-11-11 17:23:12 [INFO]: Server started at port 8090
2025-11-11 17:23:13 [INFO]: ✅ Connected to VegasDB: nstl_vegas
2025-11-11 17:23:13 [INFO]: Database connection established successfully to nstl_vegas
2025-11-11 17:23:13 [INFO]: Proceeding with application setup
2025-11-11 17:23:15 [INFO]: Server started at port 8090
2025-11-11 17:23:16 [INFO]: ✅ Connected to VegasDB: nstl_vegas
2025-11-11 17:23:16 [INFO]: Database connection established successfully to nstl_vegas
2025-11-11 17:23:16 [INFO]: Proceeding with application setup
2025-11-11 17:23:18 [INFO]: Server started at port 8090
2025-11-11 17:23:18 [INFO]: ✅ Connected to VegasDB: nstl_vegas
2025-11-11 17:23:18 [INFO]: Database connection established successfully to nstl_vegas
2025-11-11 17:23:18 [INFO]: Proceeding with application setup
2025-11-11 17:53:47 [INFO]: Server started at port 8090
2025-11-11 17:53:47 [INFO]: ✅ Connected to VegasDB: nstl_vegas
2025-11-11 17:53:47 [INFO]: Database connection established successfully to nstl_vegas
2025-11-11 17:53:47 [INFO]: Proceeding with application setup
2025-11-11 17:54:21 [INFO]: Server started at port 8090
2025-11-11 17:54:21 [INFO]: ✅ Connected to VegasDB: nstl_vegas
2025-11-11 17:54:21 [INFO]: Database connection established successfully to nstl_vegas
2025-11-11 17:54:21 [INFO]: Proceeding with application setup
2025-11-11 17:54:59 [INFO]: Server started at port 8090
2025-11-11 17:54:59 [INFO]: ✅ Connected to VegasDB: nstl_vegas
2025-11-11 17:54:59 [INFO]: Database connection established successfully to nstl_vegas
2025-11-11 17:54:59 [INFO]: Proceeding with application setup
2025-11-11 17:55:03 [INFO]: Server started at port 8090
2025-11-11 17:55:03 [INFO]: ✅ Connected to VegasDB: nstl_vegas
2025-11-11 17:55:03 [INFO]: Database connection established successfully to nstl_vegas
2025-11-11 17:55:03 [INFO]: Proceeding with application setup
2025-11-11 17:55:11 [INFO]: Server started at port 8090
2025-11-11 17:55:11 [INFO]: ✅ Connected to VegasDB: nstl_vegas
2025-11-11 17:55:11 [INFO]: Database connection established successfully to nstl_vegas
2025-11-11 17:55:11 [INFO]: Proceeding with application setup
2025-11-11 17:57:12 [INFO]: Incoming request: PUT /api/shift/edit
