2025-11-04 11:56:47 [INFO]: Database connection established successfully to nstl_vegas
2025-11-04 11:56:47 [INFO]: Proceeding with application setup
2025-11-04 12:00:09 [INFO]: Middleware activated
2025-11-04 12:00:09 [INFO]: 📅 Querying congthang from 2025-10-27 to 2025-11-01
2025-11-04 12:00:09 [INFO]: ✅ Connection established for listALPHschedule
2025-11-04 12:00:09 [INFO]: ✅ Fetched 227 records from congthang
2025-11-04 15:11:23 [INFO]: Database connection established successfully to nstl_vegas
2025-11-04 15:11:23 [INFO]: Proceeding with application setup
2025-11-04 15:11:31 [INFO]: Database connection established successfully to nstl_vegas
2025-11-04 15:11:31 [INFO]: Proceeding with application setup
2025-11-04 15:11:40 [INFO]: Database connection established successfully to nstl_vegas
2025-11-04 15:11:40 [INFO]: Proceeding with application setup
2025-11-04 15:11:43 [INFO]: Database connection established successfully to nstl_vegas
2025-11-04 15:11:43 [INFO]: Proceeding with application setup
2025-11-04 15:12:12 [INFO]: Database connection established successfully to nstl_vegas
2025-11-04 15:12:12 [INFO]: Proceeding with application setup
2025-11-04 15:12:20 [INFO]: Database connection established successfully to nstl_vegas
2025-11-04 15:12:20 [INFO]: Proceeding with application setup
2025-11-04 15:12:35 [INFO]: Middleware activated
2025-11-04 15:12:41 [INFO]: Middleware activated
2025-11-04 15:13:24 [INFO]: Middleware activated
2025-11-04 15:13:48 [INFO]: Middleware activated
2025-11-04 15:14:03 [INFO]: Middleware activated
2025-11-04 15:40:31 [INFO]: Database connection established successfully to nstl_vegas
2025-11-04 15:40:31 [INFO]: Proceeding with application setup
2025-11-04 15:40:36 [INFO]: Database connection established successfully to nstl_vegas
2025-11-04 15:40:36 [INFO]: Proceeding with application setup
2025-11-04 15:40:38 [INFO]: Database connection established successfully to nstl_vegas
2025-11-04 15:40:38 [INFO]: Proceeding with application setup
2025-11-04 15:41:01 [INFO]: Database connection established successfully to nstl_vegas
2025-11-04 15:41:01 [INFO]: Proceeding with application setup
2025-11-04 15:43:37 [INFO]: Database connection established successfully to nstl_vegas
2025-11-04 15:43:37 [INFO]: Proceeding with application setup
2025-11-04 15:43:50 [INFO]: Database connection established successfully to nstl_vegas
2025-11-04 15:43:50 [INFO]: Proceeding with application setup
2025-11-04 15:44:11 [INFO]: Database connection established successfully to nstl_vegas
2025-11-04 15:44:11 [INFO]: Proceeding with application setup
2025-11-04 15:45:12 [INFO]: Database connection established successfully to nstl_vegas
2025-11-04 15:45:12 [INFO]: Proceeding with application setup
2025-11-04 15:45:19 [INFO]: Database connection established successfully to nstl_vegas
2025-11-04 15:45:19 [INFO]: Proceeding with application setup
2025-11-04 15:45:27 [INFO]: Database connection established successfully to nstl_vegas
2025-11-04 15:45:27 [INFO]: Proceeding with application setup
2025-11-04 15:45:37 [INFO]: Database connection established successfully to nstl_vegas
2025-11-04 15:45:37 [INFO]: Proceeding with application setup
2025-11-04 15:45:38 [INFO]: Database connection established successfully to nstl_vegas
2025-11-04 15:45:38 [INFO]: Proceeding with application setup
2025-11-04 15:58:53 [INFO]: Middleware activated
2025-11-04 15:59:04 [INFO]: Middleware activated
2025-11-04 16:05:13 [INFO]: Middleware activated
2025-11-04 16:06:13 [INFO]: Database connection established successfully to nstl_vegas
2025-11-04 16:06:13 [INFO]: Proceeding with application setup
2025-11-04 16:06:25 [INFO]: Database connection established successfully to nstl_vegas
2025-11-04 16:06:25 [INFO]: Proceeding with application setup
2025-11-04 16:06:32 [INFO]: Database connection established successfully to nstl_vegas
2025-11-04 16:06:32 [INFO]: Proceeding with application setup
2025-11-04 16:06:55 [INFO]: Database connection established successfully to nstl_vegas
2025-11-04 16:06:55 [INFO]: Proceeding with application setup
2025-11-04 16:07:00 [INFO]: Database connection established successfully to nstl_vegas
2025-11-04 16:07:00 [INFO]: Proceeding with application setup
2025-11-04 16:07:11 [INFO]: Database connection established successfully to nstl_vegas
2025-11-04 16:07:11 [INFO]: Proceeding with application setup
2025-11-04 16:07:14 [INFO]: Middleware activated
2025-11-04 16:07:34 [INFO]: Database connection established successfully to nstl_vegas
2025-11-04 16:07:34 [INFO]: Proceeding with application setup
2025-11-04 16:07:38 [INFO]: Middleware activated
2025-11-04 16:07:46 [INFO]: Middleware activated
2025-11-04 16:07:54 [INFO]: Middleware activated
2025-11-04 16:07:56 [INFO]: Middleware activated
2025-11-04 16:07:57 [INFO]: Middleware activated
2025-11-04 16:08:04 [INFO]: Middleware activated
2025-11-04 16:27:51 [INFO]: Middleware activated
2025-11-04 16:31:01 [INFO]: Middleware activated
2025-11-04 16:53:23 [INFO]: Middleware activated
2025-11-04 16:54:21 [INFO]: Middleware activated
2025-11-04 16:55:02 [INFO]: Middleware activated
2025-11-04 16:55:56 [INFO]: Middleware activated
2025-11-04 16:55:58 [INFO]: Middleware activated
