2025-11-14 14:35:06 [INFO]: Server started at port 8090
2025-11-14 14:35:06 [INFO]: ✅ Connected to VegasDB: nstl_vegas
2025-11-14 14:35:06 [INFO]: Database connection established successfully to nstl_vegas
2025-11-14 14:35:06 [INFO]: Proceeding with application setup
2025-11-14 14:35:40 [INFO]: Incoming request: POST /api/staff/schedule_list
2025-11-14 14:35:40 [INFO]: 📅 Executing query with dates: 2025-10-31 to 2025-11-11
2025-11-14 14:35:41 [INFO]: ✅ Fetched and cleaned 2604 staff schedule records
2025-11-14 14:57:23 [INFO]: Server started at port 8090
2025-11-14 14:57:23 [INFO]: ✅ Connected to VegasDB: nstl_vegas
2025-11-14 14:57:23 [INFO]: Database connection established successfully to nstl_vegas
2025-11-14 14:57:23 [INFO]: Proceeding with application setup
2025-11-14 15:02:14 [INFO]: Server started at port 8090
2025-11-14 15:02:14 [INFO]: ✅ Connected to VegasDB: nstl_vegas
2025-11-14 15:02:14 [INFO]: Database connection established successfully to nstl_vegas
2025-11-14 15:02:14 [INFO]: Proceeding with application setup
2025-11-14 15:03:15 [INFO]: Server started at port 8090
2025-11-14 15:03:16 [INFO]: ✅ Connected to VegasDB: nstl_vegas
2025-11-14 15:03:16 [INFO]: Database connection established successfully to nstl_vegas
2025-11-14 15:03:16 [INFO]: Proceeding with application setup
2025-11-14 15:03:22 [INFO]: Server started at port 8090
2025-11-14 15:03:22 [INFO]: ✅ Connected to VegasDB: nstl_vegas
2025-11-14 15:03:22 [INFO]: Database connection established successfully to nstl_vegas
2025-11-14 15:03:22 [INFO]: Proceeding with application setup
2025-11-14 15:03:24 [INFO]: Server started at port 8090
2025-11-14 15:03:24 [INFO]: ✅ Connected to VegasDB: nstl_vegas
2025-11-14 15:03:24 [INFO]: Database connection established successfully to nstl_vegas
2025-11-14 15:03:24 [INFO]: Proceeding with application setup
2025-11-14 15:03:28 [INFO]: Server started at port 8090
2025-11-14 15:03:28 [INFO]: ✅ Connected to VegasDB: nstl_vegas
2025-11-14 15:03:28 [INFO]: Database connection established successfully to nstl_vegas
2025-11-14 15:03:28 [INFO]: Proceeding with application setup
2025-11-14 15:03:31 [INFO]: Server started at port 8090
2025-11-14 15:03:32 [INFO]: ✅ Connected to VegasDB: nstl_vegas
2025-11-14 15:03:32 [INFO]: Database connection established successfully to nstl_vegas
2025-11-14 15:03:32 [INFO]: Proceeding with application setup
2025-11-14 15:03:33 [INFO]: Server started at port 8090
2025-11-14 15:03:33 [INFO]: ✅ Connected to VegasDB: nstl_vegas
2025-11-14 15:03:33 [INFO]: Database connection established successfully to nstl_vegas
2025-11-14 15:03:33 [INFO]: Proceeding with application setup
2025-11-14 15:03:35 [INFO]: Server started at port 8090
2025-11-14 15:03:35 [INFO]: ✅ Connected to VegasDB: nstl_vegas
2025-11-14 15:03:35 [INFO]: Database connection established successfully to nstl_vegas
2025-11-14 15:03:35 [INFO]: Proceeding with application setup
2025-11-14 15:03:39 [INFO]: Incoming request: POST /api/staff/schedule_list
2025-11-14 15:03:39 [INFO]: 📅 Executing query with dates: 2025-10-31 to 2025-11-11
2025-11-14 15:03:40 [INFO]: ✅ Fetched, cleaned, and formatted 2604 staff schedule records
2025-11-14 15:04:14 [INFO]: Server started at port 8090
2025-11-14 15:04:14 [INFO]: ✅ Connected to VegasDB: nstl_vegas
2025-11-14 15:04:14 [INFO]: Database connection established successfully to nstl_vegas
2025-11-14 15:04:14 [INFO]: Proceeding with application setup
2025-11-14 15:04:16 [INFO]: Server started at port 8090
2025-11-14 15:04:17 [INFO]: ✅ Connected to VegasDB: nstl_vegas
2025-11-14 15:04:17 [INFO]: Database connection established successfully to nstl_vegas
2025-11-14 15:04:17 [INFO]: Proceeding with application setup
2025-11-14 15:06:16 [INFO]: Server started at port 8090
2025-11-14 15:06:16 [INFO]: ✅ Connected to VegasDB: nstl_vegas
2025-11-14 15:06:16 [INFO]: Database connection established successfully to nstl_vegas
2025-11-14 15:06:16 [INFO]: Proceeding with application setup
2025-11-14 15:06:24 [INFO]: Server started at port 8090
2025-11-14 15:06:24 [INFO]: ✅ Connected to VegasDB: nstl_vegas
2025-11-14 15:06:24 [INFO]: Database connection established successfully to nstl_vegas
2025-11-14 15:06:24 [INFO]: Proceeding with application setup
2025-11-14 15:06:27 [INFO]: Server started at port 8090
2025-11-14 15:06:28 [INFO]: ✅ Connected to VegasDB: nstl_vegas
2025-11-14 15:06:28 [INFO]: Database connection established successfully to nstl_vegas
2025-11-14 15:06:28 [INFO]: Proceeding with application setup
2025-11-14 15:06:32 [INFO]: Incoming request: POST /api/staff/schedule_list
2025-11-14 15:06:32 [INFO]: 📅 Executing query with dates: 2025-10-31 to 2025-11-11
2025-11-14 15:06:33 [INFO]: ✅ Fetched, cleaned, and formatted 2604 staff schedule records
2025-11-14 15:09:36 [INFO]: Incoming request: POST /api/shift/add
2025-11-14 15:09:37 [INFO]: ✅ Shift added for staffCode: 0753 on 2025-11-03
2025-11-14 15:10:04 [INFO]: Incoming request: PUT /api/shift/edit
2025-11-14 15:10:04 [INFO]: 📝 Shift updated for manv: 0753 on 2025-11-03
2025-11-14 16:05:17 [INFO]: Incoming request: POST /api/staff/schedule_list
2025-11-14 16:05:17 [INFO]: 📅 Executing query with dates: 2025-10-31 to 2025-11-11
2025-11-14 16:05:18 [INFO]: ✅ Fetched, cleaned, and formatted 2604 staff schedule records
