2025-12-10 12:41:51 [INFO]: Server started at port 8090
2025-12-10 12:41:51 [INFO]: ✅ Connected to VegasDB: nstl_vegas
2025-12-10 12:41:51 [INFO]: Database connection established successfully to nstl_vegas
2025-12-10 12:41:51 [INFO]: Proceeding with application setup
2025-12-10 12:43:07 [INFO]: Incoming request: POST /api/staff/info
2025-12-10 12:46:52 [INFO]: Server started at port 8090
2025-12-10 12:46:52 [INFO]: ✅ Connected to VegasDB: nstl_vegas
2025-12-10 12:46:52 [INFO]: Database connection established successfully to nstl_vegas
2025-12-10 12:46:52 [INFO]: Proceeding with application setup
2025-12-10 12:52:31 [INFO]: Server started at port 8090
2025-12-10 12:52:31 [INFO]: ✅ Connected to VegasDB: nstl_vegas
2025-12-10 12:52:31 [INFO]: Database connection established successfully to nstl_vegas
2025-12-10 12:52:31 [INFO]: Proceeding with application setup
2025-12-10 12:52:33 [INFO]: Server started at port 8090
2025-12-10 12:52:33 [INFO]: ✅ Connected to VegasDB: nstl_vegas
2025-12-10 12:52:33 [INFO]: Database connection established successfully to nstl_vegas
2025-12-10 12:52:33 [INFO]: Proceeding with application setup
2025-12-10 13:02:03 [INFO]: Server started at port 8090
2025-12-10 13:02:03 [INFO]: ✅ Connected to VegasDB: nstl_vegas
2025-12-10 13:02:03 [INFO]: Database connection established successfully to nstl_vegas
2025-12-10 13:02:03 [INFO]: Proceeding with application setup
2025-12-10 13:02:38 [INFO]: Incoming request: POST /api/shift/add
2025-12-10 13:02:46 [INFO]: Incoming request: POST /api/shift/add
2025-12-10 13:02:50 [INFO]: Incoming request: PUT /api/shift/edit
2025-12-10 13:02:58 [INFO]: Incoming request: PUT /api/shift/edit
2025-12-10 13:03:12 [INFO]: Server started at port 8090
2025-12-10 13:03:12 [INFO]: ✅ Connected to VegasDB: nstl_vegas
2025-12-10 13:03:12 [INFO]: Database connection established successfully to nstl_vegas
2025-12-10 13:03:12 [INFO]: Proceeding with application setup
2025-12-10 13:03:21 [INFO]: Server started at port 8090
2025-12-10 13:03:21 [INFO]: ✅ Connected to VegasDB: nstl_vegas
2025-12-10 13:03:21 [INFO]: Database connection established successfully to nstl_vegas
2025-12-10 13:03:21 [INFO]: Proceeding with application setup
2025-12-10 13:03:26 [INFO]: Server started at port 8090
2025-12-10 13:03:26 [INFO]: ✅ Connected to VegasDB: nstl_vegas
2025-12-10 13:03:26 [INFO]: Database connection established successfully to nstl_vegas
2025-12-10 13:03:26 [INFO]: Proceeding with application setup
2025-12-10 13:03:30 [INFO]: Server started at port 8090
2025-12-10 13:03:30 [INFO]: ✅ Connected to VegasDB: nstl_vegas
2025-12-10 13:03:30 [INFO]: Database connection established successfully to nstl_vegas
2025-12-10 13:03:30 [INFO]: Proceeding with application setup
2025-12-10 13:03:38 [INFO]: Incoming request: PUT /api/shift/edit
2025-12-10 13:26:34 [INFO]: Server started at port 8090
2025-12-10 13:26:34 [INFO]: ✅ Connected to VegasDB: nstl_vegas
2025-12-10 13:26:34 [INFO]: Database connection established successfully to nstl_vegas
2025-12-10 13:26:34 [INFO]: Proceeding with application setup
2025-12-10 13:26:40 [INFO]: Server started at port 8090
2025-12-10 13:26:41 [INFO]: ✅ Connected to VegasDB: nstl_vegas
2025-12-10 13:26:41 [INFO]: Database connection established successfully to nstl_vegas
2025-12-10 13:26:41 [INFO]: Proceeding with application setup
2025-12-10 13:26:45 [INFO]: Server started at port 8090
2025-12-10 13:26:55 [INFO]: Server started at port 8090
2025-12-10 13:26:55 [INFO]: ✅ Connected to VegasDB: nstl_vegas
2025-12-10 13:26:55 [INFO]: Database connection established successfully to nstl_vegas
2025-12-10 13:26:55 [INFO]: Proceeding with application setup
2025-12-10 13:27:00 [INFO]: Server started at port 8090
2025-12-10 13:27:00 [INFO]: ✅ Connected to VegasDB: nstl_vegas
2025-12-10 13:27:00 [INFO]: Database connection established successfully to nstl_vegas
2025-12-10 13:27:00 [INFO]: Proceeding with application setup
2025-12-10 13:27:03 [INFO]: Server started at port 8090
2025-12-10 13:27:04 [INFO]: ✅ Connected to VegasDB: nstl_vegas
2025-12-10 13:27:04 [INFO]: Database connection established successfully to nstl_vegas
2025-12-10 13:27:04 [INFO]: Proceeding with application setup
2025-12-10 13:27:23 [INFO]: Server started at port 8090
2025-12-10 13:27:23 [INFO]: ✅ Connected to VegasDB: nstl_vegas
2025-12-10 13:27:23 [INFO]: Database connection established successfully to nstl_vegas
2025-12-10 13:27:23 [INFO]: Proceeding with application setup
2025-12-10 13:27:50 [INFO]: Server started at port 8090
2025-12-10 13:27:50 [INFO]: ✅ Connected to VegasDB: nstl_vegas
2025-12-10 13:27:50 [INFO]: Database connection established successfully to nstl_vegas
2025-12-10 13:27:50 [INFO]: Proceeding with application setup
2025-12-10 13:27:54 [INFO]: Server started at port 8090
2025-12-10 13:27:54 [INFO]: ✅ Connected to VegasDB: nstl_vegas
2025-12-10 13:27:54 [INFO]: Database connection established successfully to nstl_vegas
2025-12-10 13:27:54 [INFO]: Proceeding with application setup
2025-12-10 13:28:24 [INFO]: Server started at port 8090
2025-12-10 13:28:24 [INFO]: ✅ Connected to VegasDB: nstl_vegas
2025-12-10 13:28:24 [INFO]: Database connection established successfully to nstl_vegas
2025-12-10 13:28:24 [INFO]: Proceeding with application setup
2025-12-10 13:28:25 [INFO]: Server started at port 8090
2025-12-10 13:28:25 [INFO]: ✅ Connected to VegasDB: nstl_vegas
2025-12-10 13:28:25 [INFO]: Database connection established successfully to nstl_vegas
2025-12-10 13:28:25 [INFO]: Proceeding with application setup
2025-12-10 13:28:57 [INFO]: Server started at port 8090
2025-12-10 13:28:57 [INFO]: ✅ Connected to VegasDB: nstl_vegas
2025-12-10 13:28:57 [INFO]: Database connection established successfully to nstl_vegas
2025-12-10 13:28:57 [INFO]: Proceeding with application setup
2025-12-10 13:29:25 [INFO]: Incoming request: GET /api/machine_time/
2025-12-10 13:29:25 [INFO]: Incoming request: GET /favicon.ico
2025-12-10 15:28:57 [INFO]: Server started at port 8090
2025-12-10 15:28:57 [INFO]: ✅ Connected to VegasDB: nstl_vegas
2025-12-10 15:28:57 [INFO]: Database connection established successfully to nstl_vegas
2025-12-10 15:28:57 [INFO]: Proceeding with application setup
2025-12-10 15:29:07 [INFO]: Server started at port 8090
2025-12-10 15:29:07 [INFO]: ✅ Connected to VegasDB: nstl_vegas
2025-12-10 15:29:07 [INFO]: Database connection established successfully to nstl_vegas
2025-12-10 15:29:07 [INFO]: Proceeding with application setup
2025-12-10 15:29:09 [INFO]: Server started at port 8090
2025-12-10 15:29:09 [INFO]: ✅ Connected to VegasDB: nstl_vegas
2025-12-10 15:29:09 [INFO]: Database connection established successfully to nstl_vegas
2025-12-10 15:29:09 [INFO]: Proceeding with application setup
2025-12-10 15:29:39 [INFO]: Server started at port 8090
2025-12-10 15:29:54 [ERROR]: ❌ Failed to connect to VegasDB (nstl_vegas): Failed to connect to 192.168.100.210\SQL2008R2 in 15000ms
2025-12-10 15:29:54 [ERROR]: Failed to connect to the database: ConnectionError: Failed to connect to 192.168.100.210\SQL2008R2 in 15000ms
2025-12-10 15:29:54 [WARN]: Application may not function correctly due to database connection failure
2025-12-10 15:30:12 [INFO]: Server started at port 8090
2025-12-10 15:30:12 [INFO]: ✅ Connected to VegasDB: nstl_vegas
2025-12-10 15:30:12 [INFO]: Database connection established successfully to nstl_vegas
2025-12-10 15:30:12 [INFO]: Proceeding with application setup
2025-12-10 15:33:21 [INFO]: Incoming request: PUT /api/api/machine_time
2025-12-10 15:33:26 [INFO]: Incoming request: GET /api/api/machine_time
2025-12-10 15:33:34 [INFO]: Incoming request: GET /api/machine_time
2025-12-10 15:44:39 [INFO]: Incoming request: GET /api/machine_time
2025-12-10 15:54:54 [INFO]: Incoming request: GET /api/machine_time/
2025-12-10 15:54:56 [INFO]: Incoming request: GET /api/machine_time/
2025-12-10 15:54:56 [INFO]: Incoming request: GET /api/machine_time/
2025-12-10 15:54:57 [INFO]: Incoming request: GET /api/machine_time/
2025-12-10 15:56:27 [INFO]: Incoming request: POST /api/machine_time/add
2025-12-10 15:57:27 [INFO]: Server started at port 8090
2025-12-10 15:57:27 [INFO]: ✅ Connected to VegasDB: nstl_vegas
2025-12-10 15:57:27 [INFO]: Database connection established successfully to nstl_vegas
2025-12-10 15:57:27 [INFO]: Proceeding with application setup
2025-12-10 15:57:33 [INFO]: Server started at port 8090
2025-12-10 15:57:33 [INFO]: ✅ Connected to VegasDB: nstl_vegas
2025-12-10 15:57:33 [INFO]: Database connection established successfully to nstl_vegas
2025-12-10 15:57:33 [INFO]: Proceeding with application setup
2025-12-10 15:57:47 [INFO]: Server started at port 8090
2025-12-10 15:57:47 [INFO]: ✅ Connected to VegasDB: nstl_vegas
2025-12-10 15:57:47 [INFO]: Database connection established successfully to nstl_vegas
2025-12-10 15:57:47 [INFO]: Proceeding with application setup
2025-12-10 15:58:00 [INFO]: Server started at port 8090
2025-12-10 15:58:00 [INFO]: ✅ Connected to VegasDB: nstl_vegas
2025-12-10 15:58:00 [INFO]: Database connection established successfully to nstl_vegas
2025-12-10 15:58:00 [INFO]: Proceeding with application setup
2025-12-10 15:58:03 [INFO]: Server started at port 8090
2025-12-10 15:58:03 [INFO]: ✅ Connected to VegasDB: nstl_vegas
2025-12-10 15:58:03 [INFO]: Database connection established successfully to nstl_vegas
2025-12-10 15:58:03 [INFO]: Proceeding with application setup
2025-12-10 15:58:04 [INFO]: Server started at port 8090
2025-12-10 15:58:04 [INFO]: ✅ Connected to VegasDB: nstl_vegas
2025-12-10 15:58:04 [INFO]: Database connection established successfully to nstl_vegas
2025-12-10 15:58:04 [INFO]: Proceeding with application setup
2025-12-10 15:58:06 [INFO]: Server started at port 8090
2025-12-10 15:58:06 [INFO]: ✅ Connected to VegasDB: nstl_vegas
2025-12-10 15:58:06 [INFO]: Database connection established successfully to nstl_vegas
2025-12-10 15:58:06 [INFO]: Proceeding with application setup
2025-12-10 15:59:13 [INFO]: Server started at port 8090
2025-12-10 15:59:13 [INFO]: ✅ Connected to VegasDB: nstl_vegas
2025-12-10 15:59:13 [INFO]: Database connection established successfully to nstl_vegas
2025-12-10 15:59:13 [INFO]: Proceeding with application setup
2025-12-10 15:59:17 [INFO]: Server started at port 8090
2025-12-10 15:59:18 [INFO]: ✅ Connected to VegasDB: nstl_vegas
2025-12-10 15:59:18 [INFO]: Database connection established successfully to nstl_vegas
2025-12-10 15:59:18 [INFO]: Proceeding with application setup
2025-12-10 15:59:19 [INFO]: Server started at port 8090
2025-12-10 15:59:19 [INFO]: ✅ Connected to VegasDB: nstl_vegas
2025-12-10 15:59:19 [INFO]: Database connection established successfully to nstl_vegas
2025-12-10 15:59:19 [INFO]: Proceeding with application setup
2025-12-10 15:59:22 [INFO]: Server started at port 8090
2025-12-10 15:59:23 [INFO]: ✅ Connected to VegasDB: nstl_vegas
2025-12-10 15:59:23 [INFO]: Database connection established successfully to nstl_vegas
2025-12-10 15:59:23 [INFO]: Proceeding with application setup
2025-12-10 15:59:31 [INFO]: Incoming request: POST /api/machine_time/add
2025-12-10 15:59:33 [INFO]: Incoming request: POST /api/machine_time/add
2025-12-10 16:00:13 [INFO]: Incoming request: POST /api/machine_time/add
2025-12-10 16:00:21 [INFO]: Server started at port 8090
2025-12-10 16:00:21 [INFO]: ✅ Connected to VegasDB: nstl_vegas
2025-12-10 16:00:21 [INFO]: Database connection established successfully to nstl_vegas
2025-12-10 16:00:21 [INFO]: Proceeding with application setup
2025-12-10 16:00:27 [INFO]: Incoming request: POST /api/machine_time/add
2025-12-10 16:02:37 [INFO]: Server started at port 8090
2025-12-10 16:02:37 [INFO]: ✅ Connected to VegasDB: nstl_vegas
2025-12-10 16:02:37 [INFO]: Database connection established successfully to nstl_vegas
2025-12-10 16:02:37 [INFO]: Proceeding with application setup
2025-12-10 16:02:44 [INFO]: Server started at port 8090
2025-12-10 16:02:44 [INFO]: ✅ Connected to VegasDB: nstl_vegas
2025-12-10 16:02:44 [INFO]: Database connection established successfully to nstl_vegas
2025-12-10 16:02:44 [INFO]: Proceeding with application setup
2025-12-10 16:02:55 [INFO]: Server started at port 8090
2025-12-10 16:02:55 [INFO]: ✅ Connected to VegasDB: nstl_vegas
2025-12-10 16:02:55 [INFO]: Database connection established successfully to nstl_vegas
2025-12-10 16:02:55 [INFO]: Proceeding with application setup
2025-12-10 16:03:09 [INFO]: Server started at port 8090
2025-12-10 16:03:10 [INFO]: ✅ Connected to VegasDB: nstl_vegas
2025-12-10 16:03:10 [INFO]: Database connection established successfully to nstl_vegas
2025-12-10 16:03:10 [INFO]: Proceeding with application setup
2025-12-10 16:03:14 [INFO]: Incoming request: POST /api/machine_time/add
2025-12-10 16:03:39 [INFO]: Incoming request: POST /api/machine_time/add
2025-12-10 16:03:57 [INFO]: Server started at port 8090
2025-12-10 16:03:58 [INFO]: ✅ Connected to VegasDB: nstl_vegas
2025-12-10 16:03:58 [INFO]: Database connection established successfully to nstl_vegas
2025-12-10 16:03:58 [INFO]: Proceeding with application setup
2025-12-10 16:03:59 [INFO]: Incoming request: POST /api/machine_time/add
2025-12-10 16:05:25 [INFO]: Incoming request: POST /api/machine_time/add
2025-12-10 16:05:53 [INFO]: Server started at port 8090
2025-12-10 16:05:53 [INFO]: ✅ Connected to VegasDB: nstl_vegas
2025-12-10 16:05:53 [INFO]: Database connection established successfully to nstl_vegas
2025-12-10 16:05:53 [INFO]: Proceeding with application setup
2025-12-10 16:05:56 [INFO]: Server started at port 8090
2025-12-10 16:05:56 [INFO]: ✅ Connected to VegasDB: nstl_vegas
2025-12-10 16:05:56 [INFO]: Database connection established successfully to nstl_vegas
2025-12-10 16:05:56 [INFO]: Proceeding with application setup
2025-12-10 16:06:02 [INFO]: Server started at port 8090
2025-12-10 16:06:02 [INFO]: ✅ Connected to VegasDB: nstl_vegas
2025-12-10 16:06:02 [INFO]: Database connection established successfully to nstl_vegas
2025-12-10 16:06:02 [INFO]: Proceeding with application setup
2025-12-10 16:06:09 [INFO]: Server started at port 8090
2025-12-10 16:06:09 [INFO]: ✅ Connected to VegasDB: nstl_vegas
2025-12-10 16:06:09 [INFO]: Database connection established successfully to nstl_vegas
2025-12-10 16:06:09 [INFO]: Proceeding with application setup
2025-12-10 16:06:11 [INFO]: Server started at port 8090
2025-12-10 16:06:11 [INFO]: ✅ Connected to VegasDB: nstl_vegas
2025-12-10 16:06:11 [INFO]: Database connection established successfully to nstl_vegas
2025-12-10 16:06:11 [INFO]: Proceeding with application setup
2025-12-10 16:07:09 [INFO]: Server started at port 8090
2025-12-10 16:07:09 [INFO]: ✅ Connected to VegasDB: nstl_vegas
2025-12-10 16:07:09 [INFO]: Database connection established successfully to nstl_vegas
2025-12-10 16:07:09 [INFO]: Proceeding with application setup
2025-12-10 16:07:25 [INFO]: Incoming request: POST /api/machine_time/add
2025-12-10 16:07:46 [INFO]: Server started at port 8090
2025-12-10 16:07:46 [INFO]: ✅ Connected to VegasDB: nstl_vegas
2025-12-10 16:07:46 [INFO]: Database connection established successfully to nstl_vegas
2025-12-10 16:07:46 [INFO]: Proceeding with application setup
2025-12-10 16:07:48 [INFO]: Incoming request: POST /api/machine_time/add
2025-12-10 16:08:31 [INFO]: Server started at port 8090
2025-12-10 16:08:31 [INFO]: ✅ Connected to VegasDB: nstl_vegas
2025-12-10 16:08:31 [INFO]: Database connection established successfully to nstl_vegas
2025-12-10 16:08:31 [INFO]: Proceeding with application setup
2025-12-10 16:08:40 [INFO]: Server started at port 8090
2025-12-10 16:08:40 [INFO]: ✅ Connected to VegasDB: nstl_vegas
2025-12-10 16:08:40 [INFO]: Database connection established successfully to nstl_vegas
2025-12-10 16:08:40 [INFO]: Proceeding with application setup
2025-12-10 16:08:42 [INFO]: Server started at port 8090
2025-12-10 16:08:42 [INFO]: ✅ Connected to VegasDB: nstl_vegas
2025-12-10 16:08:42 [INFO]: Database connection established successfully to nstl_vegas
2025-12-10 16:08:42 [INFO]: Proceeding with application setup
2025-12-10 16:08:45 [INFO]: Server started at port 8090
2025-12-10 16:08:45 [INFO]: ✅ Connected to VegasDB: nstl_vegas
2025-12-10 16:08:45 [INFO]: Database connection established successfully to nstl_vegas
2025-12-10 16:08:45 [INFO]: Proceeding with application setup
2025-12-10 16:08:51 [INFO]: Incoming request: POST /api/machine_time/add
2025-12-10 16:13:58 [INFO]: Server started at port 8090
2025-12-10 16:13:58 [INFO]: ✅ Connected to VegasDB: nstl_vegas
2025-12-10 16:13:58 [INFO]: Database connection established successfully to nstl_vegas
2025-12-10 16:13:58 [INFO]: Proceeding with application setup
2025-12-10 16:14:04 [INFO]: Server started at port 8090
2025-12-10 16:14:04 [INFO]: ✅ Connected to VegasDB: nstl_vegas
2025-12-10 16:14:04 [INFO]: Database connection established successfully to nstl_vegas
2025-12-10 16:14:04 [INFO]: Proceeding with application setup
2025-12-10 16:14:08 [INFO]: Server started at port 8090
2025-12-10 16:14:08 [INFO]: ✅ Connected to VegasDB: nstl_vegas
2025-12-10 16:14:08 [INFO]: Database connection established successfully to nstl_vegas
2025-12-10 16:14:08 [INFO]: Proceeding with application setup
2025-12-10 16:14:20 [INFO]: Server started at port 8090
2025-12-10 16:14:20 [INFO]: ✅ Connected to VegasDB: nstl_vegas
2025-12-10 16:14:20 [INFO]: Database connection established successfully to nstl_vegas
2025-12-10 16:14:20 [INFO]: Proceeding with application setup
2025-12-10 16:14:28 [INFO]: Incoming request: POST /api/machine_time/add
2025-12-10 16:15:40 [INFO]: Server started at port 8090
2025-12-10 16:15:41 [INFO]: ✅ Connected to VegasDB: nstl_vegas
2025-12-10 16:15:41 [INFO]: Database connection established successfully to nstl_vegas
2025-12-10 16:15:41 [INFO]: Proceeding with application setup
2025-12-10 16:15:45 [INFO]: Server started at port 8090
2025-12-10 16:15:45 [INFO]: ✅ Connected to VegasDB: nstl_vegas
2025-12-10 16:15:45 [INFO]: Database connection established successfully to nstl_vegas
2025-12-10 16:15:45 [INFO]: Proceeding with application setup
2025-12-10 16:15:51 [INFO]: Server started at port 8090
2025-12-10 16:15:51 [INFO]: ✅ Connected to VegasDB: nstl_vegas
2025-12-10 16:15:51 [INFO]: Database connection established successfully to nstl_vegas
2025-12-10 16:15:51 [INFO]: Proceeding with application setup
2025-12-10 16:16:05 [INFO]: Incoming request: POST /api/machine_time/add
2025-12-10 16:16:34 [INFO]: Server started at port 8090
2025-12-10 16:16:34 [INFO]: ✅ Connected to VegasDB: nstl_vegas
2025-12-10 16:16:34 [INFO]: Database connection established successfully to nstl_vegas
2025-12-10 16:16:34 [INFO]: Proceeding with application setup
2025-12-10 16:16:41 [INFO]: Server started at port 8090
2025-12-10 16:16:41 [INFO]: ✅ Connected to VegasDB: nstl_vegas
2025-12-10 16:16:41 [INFO]: Database connection established successfully to nstl_vegas
2025-12-10 16:16:41 [INFO]: Proceeding with application setup
2025-12-10 16:16:45 [INFO]: Server started at port 8090
2025-12-10 16:16:45 [INFO]: ✅ Connected to VegasDB: nstl_vegas
2025-12-10 16:16:45 [INFO]: Database connection established successfully to nstl_vegas
2025-12-10 16:16:45 [INFO]: Proceeding with application setup
2025-12-10 16:16:51 [INFO]: Incoming request: POST /api/machine_time/add
2025-12-10 16:18:03 [INFO]: Server started at port 8090
2025-12-10 16:18:03 [INFO]: ✅ Connected to VegasDB: nstl_vegas
2025-12-10 16:18:03 [INFO]: Database connection established successfully to nstl_vegas
2025-12-10 16:18:03 [INFO]: Proceeding with application setup
2025-12-10 16:18:13 [INFO]: Incoming request: POST /api/machine_time/add
2025-12-10 16:20:24 [INFO]: Incoming request: POST /api/machine_time/add
2025-12-10 16:21:13 [INFO]: Incoming request: GET /api/machine_time
2025-12-10 16:31:29 [INFO]: Server started at port 8090
2025-12-10 16:31:29 [INFO]: ✅ Connected to VegasDB: nstl_vegas
2025-12-10 16:31:29 [INFO]: Database connection established successfully to nstl_vegas
2025-12-10 16:31:29 [INFO]: Proceeding with application setup
2025-12-10 16:31:47 [INFO]: Server started at port 8090
2025-12-10 16:31:47 [INFO]: ✅ Connected to VegasDB: nstl_vegas
2025-12-10 16:31:47 [INFO]: Database connection established successfully to nstl_vegas
2025-12-10 16:31:47 [INFO]: Proceeding with application setup
2025-12-10 16:31:59 [INFO]: Server started at port 8090
2025-12-10 16:31:59 [INFO]: ✅ Connected to VegasDB: nstl_vegas
2025-12-10 16:31:59 [INFO]: Database connection established successfully to nstl_vegas
2025-12-10 16:31:59 [INFO]: Proceeding with application setup
2025-12-10 16:32:12 [INFO]: Server started at port 8090
2025-12-10 16:32:13 [INFO]: ✅ Connected to VegasDB: nstl_vegas
2025-12-10 16:32:13 [INFO]: Database connection established successfully to nstl_vegas
2025-12-10 16:32:13 [INFO]: Proceeding with application setup
2025-12-10 16:32:39 [INFO]: Server started at port 8090
2025-12-10 16:32:40 [INFO]: ✅ Connected to VegasDB: nstl_vegas
2025-12-10 16:32:40 [INFO]: Database connection established successfully to nstl_vegas
2025-12-10 16:32:40 [INFO]: Proceeding with application setup
2025-12-10 16:32:51 [INFO]: Server started at port 8090
2025-12-10 16:32:51 [INFO]: ✅ Connected to VegasDB: nstl_vegas
2025-12-10 16:32:51 [INFO]: Database connection established successfully to nstl_vegas
2025-12-10 16:32:51 [INFO]: Proceeding with application setup
2025-12-10 16:32:57 [INFO]: Server started at port 8090
2025-12-10 16:32:57 [INFO]: ✅ Connected to VegasDB: nstl_vegas
2025-12-10 16:32:57 [INFO]: Database connection established successfully to nstl_vegas
2025-12-10 16:32:57 [INFO]: Proceeding with application setup
2025-12-10 16:36:09 [INFO]: Incoming request: POST /api/machine_time/add
2025-12-10 16:36:43 [INFO]: Server started at port 8090
2025-12-10 16:36:43 [INFO]: ✅ Connected to VegasDB: nstl_vegas
2025-12-10 16:36:43 [INFO]: Database connection established successfully to nstl_vegas
2025-12-10 16:36:43 [INFO]: Proceeding with application setup
2025-12-10 16:36:59 [INFO]: Server started at port 8090
2025-12-10 16:36:59 [INFO]: ✅ Connected to VegasDB: nstl_vegas
2025-12-10 16:36:59 [INFO]: Database connection established successfully to nstl_vegas
2025-12-10 16:36:59 [INFO]: Proceeding with application setup
2025-12-10 16:37:13 [INFO]: Server started at port 8090
2025-12-10 16:37:13 [INFO]: ✅ Connected to VegasDB: nstl_vegas
2025-12-10 16:37:13 [INFO]: Database connection established successfully to nstl_vegas
2025-12-10 16:37:13 [INFO]: Proceeding with application setup
2025-12-10 16:38:21 [INFO]: Incoming request: GET /api/machine_time
2025-12-10 16:40:00 [INFO]: Incoming request: PUT /api/machine_time/add
2025-12-10 16:40:07 [INFO]: Incoming request: PUT /api/machine_time/edit
2025-12-10 16:41:41 [INFO]: Incoming request: PUT /api/machine_time/edit
2025-12-10 16:47:10 [INFO]: Server started at port 8090
2025-12-10 16:47:10 [INFO]: ✅ Connected to VegasDB: nstl_vegas
2025-12-10 16:47:10 [INFO]: Database connection established successfully to nstl_vegas
2025-12-10 16:47:10 [INFO]: Proceeding with application setup
2025-12-10 16:47:12 [INFO]: Server started at port 8090
2025-12-10 16:47:12 [INFO]: ✅ Connected to VegasDB: nstl_vegas
2025-12-10 16:47:12 [INFO]: Database connection established successfully to nstl_vegas
2025-12-10 16:47:12 [INFO]: Proceeding with application setup
2025-12-10 16:47:13 [INFO]: Server started at port 8090
2025-12-10 16:47:13 [INFO]: ✅ Connected to VegasDB: nstl_vegas
2025-12-10 16:47:13 [INFO]: Database connection established successfully to nstl_vegas
2025-12-10 16:47:13 [INFO]: Proceeding with application setup
2025-12-10 16:47:37 [INFO]: Incoming request: POST /api/machine_time/add
2025-12-10 16:48:09 [INFO]: Incoming request: PUT /api/machine_time/edit
2025-12-10 16:50:43 [INFO]: Server started at port 8090
2025-12-10 16:50:43 [INFO]: ✅ Connected to VegasDB: nstl_vegas
2025-12-10 16:50:43 [INFO]: Database connection established successfully to nstl_vegas
2025-12-10 16:50:43 [INFO]: Proceeding with application setup
2025-12-10 16:50:45 [INFO]: Server started at port 8090
2025-12-10 16:50:45 [INFO]: ✅ Connected to VegasDB: nstl_vegas
2025-12-10 16:50:45 [INFO]: Database connection established successfully to nstl_vegas
2025-12-10 16:50:45 [INFO]: Proceeding with application setup
2025-12-10 16:50:46 [INFO]: Server started at port 8090
2025-12-10 16:50:46 [INFO]: ✅ Connected to VegasDB: nstl_vegas
2025-12-10 16:50:46 [INFO]: Database connection established successfully to nstl_vegas
2025-12-10 16:50:46 [INFO]: Proceeding with application setup
2025-12-10 16:50:47 [INFO]: Server started at port 8090
2025-12-10 16:50:47 [INFO]: ✅ Connected to VegasDB: nstl_vegas
2025-12-10 16:50:47 [INFO]: Database connection established successfully to nstl_vegas
2025-12-10 16:50:47 [INFO]: Proceeding with application setup
2025-12-10 16:50:48 [INFO]: Server started at port 8090
2025-12-10 16:50:48 [INFO]: ✅ Connected to VegasDB: nstl_vegas
2025-12-10 16:50:48 [INFO]: Database connection established successfully to nstl_vegas
2025-12-10 16:50:48 [INFO]: Proceeding with application setup
2025-12-10 16:51:08 [INFO]: Server started at port 8090
2025-12-10 16:51:08 [INFO]: ✅ Connected to VegasDB: nstl_vegas
2025-12-10 16:51:08 [INFO]: Database connection established successfully to nstl_vegas
2025-12-10 16:51:08 [INFO]: Proceeding with application setup
2025-12-10 16:51:11 [INFO]: Server started at port 8090
2025-12-10 16:51:12 [INFO]: ✅ Connected to VegasDB: nstl_vegas
2025-12-10 16:51:12 [INFO]: Database connection established successfully to nstl_vegas
2025-12-10 16:51:12 [INFO]: Proceeding with application setup
2025-12-10 16:51:17 [INFO]: Server started at port 8090
2025-12-10 16:51:17 [INFO]: ✅ Connected to VegasDB: nstl_vegas
2025-12-10 16:51:17 [INFO]: Database connection established successfully to nstl_vegas
2025-12-10 16:51:17 [INFO]: Proceeding with application setup
2025-12-10 16:52:01 [INFO]: Incoming request: DELETE /api/machine_time/edit
2025-12-10 16:52:05 [INFO]: Incoming request: DELETE /api/machine_time/delete
2025-12-10 16:52:06 [INFO]: Incoming request: DELETE /api/machine_time/delete
2025-12-10 16:52:20 [INFO]: Server started at port 8090
2025-12-10 16:52:20 [INFO]: ✅ Connected to VegasDB: nstl_vegas
2025-12-10 16:52:20 [INFO]: Database connection established successfully to nstl_vegas
2025-12-10 16:52:20 [INFO]: Proceeding with application setup
2025-12-10 16:52:26 [INFO]: Server started at port 8090
2025-12-10 16:52:26 [INFO]: ✅ Connected to VegasDB: nstl_vegas
2025-12-10 16:52:26 [INFO]: Database connection established successfully to nstl_vegas
2025-12-10 16:52:26 [INFO]: Proceeding with application setup
2025-12-10 16:52:34 [INFO]: Server started at port 8090
2025-12-10 16:52:34 [INFO]: ✅ Connected to VegasDB: nstl_vegas
2025-12-10 16:52:34 [INFO]: Database connection established successfully to nstl_vegas
2025-12-10 16:52:34 [INFO]: Proceeding with application setup
2025-12-10 16:52:42 [INFO]: Incoming request: GET /api/machine_time
2025-12-10 16:52:53 [INFO]: Incoming request: DELETE /api/machine_time/delete
2025-12-10 16:52:57 [INFO]: Incoming request: DELETE /api/machine_time/delete
2025-12-10 16:53:00 [INFO]: Incoming request: DELETE /api/machine_time/delete
2025-12-10 16:53:01 [INFO]: Incoming request: DELETE /api/machine_time/delete
2025-12-10 16:53:07 [INFO]: Incoming request: GET /api/machine_time
2025-12-10 16:53:24 [INFO]: Incoming request: DELETE /api/machine_time/delete
2025-12-10 16:53:26 [INFO]: Incoming request: DELETE /api/machine_time/delete
2025-12-10 16:56:47 [INFO]: Incoming request: POST /api/machine_time/add
2025-12-10 16:56:51 [INFO]: Incoming request: GET /api/machine_time
2025-12-10 16:57:00 [INFO]: Incoming request: POST /api/machine_time/add
2025-12-10 16:57:12 [INFO]: Incoming request: POST /api/machine_time/add
2025-12-10 16:57:14 [INFO]: Incoming request: GET /api/machine_time
2025-12-10 17:00:26 [INFO]: Incoming request: POST /api/shift/add
2025-12-10 17:00:26 [INFO]: ✅ Shift added for staffCode: 0882 on 2025-12-10
2025-12-10 17:00:37 [INFO]: Incoming request: POST /api/shift/add
2025-12-10 17:00:42 [INFO]: Incoming request: POST /api/shift/add
2025-12-10 17:00:57 [ERROR]: ❌ Error in addShift: Failed to connect to 192.168.100.210\SQL2008R2 in 15000ms
2025-12-10 17:00:59 [INFO]: Incoming request: POST /api/shift/add
2025-12-10 17:00:59 [INFO]: ✅ Shift added for staffCode: 0882 on 2025-12-11
