2025-12-11 15:50:47 [INFO]: Incoming request: POST /api/shift/add
2025-12-11 15:51:02 [INFO]: Incoming request: POST /api/shift/add
2025-12-11 15:51:18 [INFO]: Incoming request: PUT /api/shift/edit
2025-12-11 15:51:18 [INFO]: 📝 Shift updated for manv: 0882 on 2025-12-11
2025-12-11 15:57:39 [INFO]: Server started at port 8090
2025-12-11 15:57:39 [INFO]: ✅ Connected to VegasDB: nstl_vegas
2025-12-11 15:57:39 [INFO]: Database connection established successfully to nstl_vegas
2025-12-11 15:57:39 [INFO]: Proceeding with application setup
2025-12-11 15:57:43 [INFO]: Server started at port 8090
2025-12-11 15:57:44 [INFO]: ✅ Connected to VegasDB: nstl_vegas
2025-12-11 15:57:44 [INFO]: Database connection established successfully to nstl_vegas
2025-12-11 15:57:44 [INFO]: Proceeding with application setup
2025-12-11 15:58:07 [INFO]: Incoming request: GET /api/staff/schedule_list
2025-12-11 15:58:07 [WARN]: Missing startDate or endDate in request body
2025-12-11 15:58:29 [INFO]: Incoming request: GET /api/staff/schedule_list?startDate=2025-11-31&endDate=2025-12-10
2025-12-11 15:58:29 [INFO]: 📅 Executing query with dates: 2025-11-31 to 2025-12-10
2025-12-11 15:58:30 [INFO]: ✅ Fetched, cleaned, and formatted 2236 staff schedule records
2025-12-11 15:59:58 [INFO]: Incoming request: GET /api/staff/schedule_list
2025-12-11 15:59:58 [WARN]: Missing startDate or endDate in request body
2025-12-11 16:11:03 [INFO]: Server started at port 8090
2025-12-11 16:11:03 [INFO]: ✅ Connected to VegasDB: nstl_vegas
2025-12-11 16:11:03 [INFO]: Database connection established successfully to nstl_vegas
2025-12-11 16:11:03 [INFO]: Proceeding with application setup
2025-12-11 16:11:10 [INFO]: Incoming request: GET /api/machine_time
2025-12-11 16:11:15 [INFO]: Incoming request: GET /api/machine_time/list
2025-12-11 16:15:40 [INFO]: Server started at port 8090
2025-12-11 16:15:40 [INFO]: ✅ Connected to VegasDB: nstl_vegas
2025-12-11 16:15:40 [INFO]: Database connection established successfully to nstl_vegas
2025-12-11 16:15:40 [INFO]: Proceeding with application setup
2025-12-11 16:15:43 [INFO]: Server started at port 8090
2025-12-11 16:15:43 [INFO]: ✅ Connected to VegasDB: nstl_vegas
2025-12-11 16:15:43 [INFO]: Database connection established successfully to nstl_vegas
2025-12-11 16:15:43 [INFO]: Proceeding with application setup
2025-12-11 16:15:44 [INFO]: Server started at port 8090
2025-12-11 16:15:44 [INFO]: ✅ Connected to VegasDB: nstl_vegas
2025-12-11 16:15:44 [INFO]: Database connection established successfully to nstl_vegas
2025-12-11 16:15:44 [INFO]: Proceeding with application setup
2025-12-11 16:15:45 [INFO]: Server started at port 8090
2025-12-11 16:15:45 [INFO]: ✅ Connected to VegasDB: nstl_vegas
2025-12-11 16:15:45 [INFO]: Database connection established successfully to nstl_vegas
2025-12-11 16:15:45 [INFO]: Proceeding with application setup
2025-12-11 16:17:07 [INFO]: Server started at port 8090
2025-12-11 16:17:07 [INFO]: ✅ Connected to VegasDB: nstl_vegas
2025-12-11 16:17:07 [INFO]: Database connection established successfully to nstl_vegas
2025-12-11 16:17:07 [INFO]: Proceeding with application setup
2025-12-11 16:17:09 [INFO]: Server started at port 8090
2025-12-11 16:17:09 [INFO]: ✅ Connected to VegasDB: nstl_vegas
2025-12-11 16:17:09 [INFO]: Database connection established successfully to nstl_vegas
2025-12-11 16:17:09 [INFO]: Proceeding with application setup
2025-12-11 16:17:11 [INFO]: Server started at port 8090
2025-12-11 16:17:11 [INFO]: ✅ Connected to VegasDB: nstl_vegas
2025-12-11 16:17:11 [INFO]: Database connection established successfully to nstl_vegas
2025-12-11 16:17:11 [INFO]: Proceeding with application setup
2025-12-11 16:17:34 [INFO]: Server started at port 8090
2025-12-11 16:17:34 [INFO]: ✅ Connected to VegasDB: nstl_vegas
2025-12-11 16:17:34 [INFO]: Database connection established successfully to nstl_vegas
2025-12-11 16:17:34 [INFO]: Proceeding with application setup
2025-12-11 16:17:36 [INFO]: Server started at port 8090
2025-12-11 16:17:37 [INFO]: ✅ Connected to VegasDB: nstl_vegas
2025-12-11 16:17:37 [INFO]: Database connection established successfully to nstl_vegas
2025-12-11 16:17:37 [INFO]: Proceeding with application setup
2025-12-11 16:17:48 [INFO]: Server started at port 8090
2025-12-11 16:17:49 [INFO]: ✅ Connected to VegasDB: nstl_vegas
2025-12-11 16:17:49 [INFO]: Database connection established successfully to nstl_vegas
2025-12-11 16:17:49 [INFO]: Proceeding with application setup
2025-12-11 16:17:53 [INFO]: Incoming request: GET /api/machine_time/list
2025-12-11 16:18:03 [INFO]: Incoming request: GET /api/machine_time/list?page=1&limit=50
2025-12-11 16:18:16 [INFO]: Server started at port 8090
2025-12-11 16:18:16 [INFO]: ✅ Connected to VegasDB: nstl_vegas
2025-12-11 16:18:16 [INFO]: Database connection established successfully to nstl_vegas
2025-12-11 16:18:16 [INFO]: Proceeding with application setup
2025-12-11 16:18:22 [INFO]: Incoming request: GET /api/machine_time/list?page=1&limit=50
2025-12-11 16:20:57 [INFO]: Server started at port 8090
2025-12-11 16:20:57 [INFO]: ✅ Connected to VegasDB: nstl_vegas
2025-12-11 16:20:57 [INFO]: Database connection established successfully to nstl_vegas
2025-12-11 16:20:57 [INFO]: Proceeding with application setup
2025-12-11 16:21:01 [INFO]: Incoming request: GET /api/machine_time/list?page=1&limit=50
2025-12-11 16:21:29 [INFO]: Server started at port 8090
2025-12-11 16:21:29 [INFO]: ✅ Connected to VegasDB: nstl_vegas
2025-12-11 16:21:29 [INFO]: Database connection established successfully to nstl_vegas
2025-12-11 16:21:29 [INFO]: Proceeding with application setup
2025-12-11 16:21:30 [INFO]: Server started at port 8090
2025-12-11 16:21:30 [INFO]: ✅ Connected to VegasDB: nstl_vegas
2025-12-11 16:21:30 [INFO]: Database connection established successfully to nstl_vegas
2025-12-11 16:21:30 [INFO]: Proceeding with application setup
2025-12-11 16:21:52 [INFO]: Incoming request: GET /api/machine_time/list?page=1
2025-12-11 16:21:56 [INFO]: Incoming request: GET /api/machine_time/list
2025-12-11 16:22:04 [INFO]: Incoming request: GET /api/machine_time/list?page=2
2025-12-11 16:22:08 [INFO]: Incoming request: GET /api/machine_time/list?page=1
2025-12-11 16:25:04 [INFO]: Incoming request: GET /api/machine_time/list?page=1&limit=50
2025-12-11 16:32:30 [INFO]: Server started at port 8090
2025-12-11 16:32:30 [INFO]: ✅ Connected to VegasDB: nstl_vegas
2025-12-11 16:32:30 [INFO]: Database connection established successfully to nstl_vegas
2025-12-11 16:32:30 [INFO]: Proceeding with application setup
2025-12-11 16:32:31 [INFO]: Server started at port 8090
2025-12-11 16:32:31 [INFO]: ✅ Connected to VegasDB: nstl_vegas
2025-12-11 16:32:31 [INFO]: Database connection established successfully to nstl_vegas
2025-12-11 16:32:31 [INFO]: Proceeding with application setup
2025-12-11 16:32:34 [INFO]: Server started at port 8090
2025-12-11 16:32:34 [INFO]: ✅ Connected to VegasDB: nstl_vegas
2025-12-11 16:32:34 [INFO]: Database connection established successfully to nstl_vegas
2025-12-11 16:32:34 [INFO]: Proceeding with application setup
2025-12-11 16:32:36 [INFO]: Server started at port 8090
2025-12-11 16:32:36 [INFO]: ✅ Connected to VegasDB: nstl_vegas
2025-12-11 16:32:36 [INFO]: Database connection established successfully to nstl_vegas
2025-12-11 16:32:36 [INFO]: Proceeding with application setup
2025-12-11 16:32:40 [INFO]: Server started at port 8090
2025-12-11 16:32:40 [INFO]: ✅ Connected to VegasDB: nstl_vegas
2025-12-11 16:32:40 [INFO]: Database connection established successfully to nstl_vegas
2025-12-11 16:32:40 [INFO]: Proceeding with application setup
2025-12-11 16:32:43 [INFO]: Server started at port 8090
2025-12-11 16:32:43 [INFO]: ✅ Connected to VegasDB: nstl_vegas
2025-12-11 16:32:43 [INFO]: Database connection established successfully to nstl_vegas
2025-12-11 16:32:43 [INFO]: Proceeding with application setup
2025-12-11 16:32:54 [INFO]: Incoming request: POST /api/machine_time/add
2025-12-11 16:32:59 [INFO]: Incoming request: POST /api/machine_time/add
2025-12-11 16:33:00 [INFO]: Incoming request: POST /api/machine_time/add
2025-12-11 16:33:32 [INFO]: Server started at port 8090
2025-12-11 16:33:32 [INFO]: ✅ Connected to VegasDB: nstl_vegas
2025-12-11 16:33:32 [INFO]: Database connection established successfully to nstl_vegas
2025-12-11 16:33:32 [INFO]: Proceeding with application setup
2025-12-11 16:33:35 [INFO]: Server started at port 8090
2025-12-11 16:33:35 [INFO]: ✅ Connected to VegasDB: nstl_vegas
2025-12-11 16:33:35 [INFO]: Database connection established successfully to nstl_vegas
2025-12-11 16:33:35 [INFO]: Proceeding with application setup
2025-12-11 16:33:39 [INFO]: Server started at port 8090
2025-12-11 16:33:39 [INFO]: ✅ Connected to VegasDB: nstl_vegas
2025-12-11 16:33:39 [INFO]: Database connection established successfully to nstl_vegas
2025-12-11 16:33:39 [INFO]: Proceeding with application setup
2025-12-11 16:33:47 [INFO]: Server started at port 8090
2025-12-11 16:33:47 [INFO]: ✅ Connected to VegasDB: nstl_vegas
2025-12-11 16:33:47 [INFO]: Database connection established successfully to nstl_vegas
2025-12-11 16:33:47 [INFO]: Proceeding with application setup
2025-12-11 16:33:53 [INFO]: Server started at port 8090
2025-12-11 16:33:53 [INFO]: ✅ Connected to VegasDB: nstl_vegas
2025-12-11 16:33:53 [INFO]: Database connection established successfully to nstl_vegas
2025-12-11 16:33:53 [INFO]: Proceeding with application setup
2025-12-11 16:33:58 [INFO]: Server started at port 8090
2025-12-11 16:33:58 [INFO]: ✅ Connected to VegasDB: nstl_vegas
2025-12-11 16:33:58 [INFO]: Database connection established successfully to nstl_vegas
2025-12-11 16:33:58 [INFO]: Proceeding with application setup
2025-12-11 16:34:01 [INFO]: Server started at port 8090
2025-12-11 16:34:01 [INFO]: ✅ Connected to VegasDB: nstl_vegas
2025-12-11 16:34:01 [INFO]: Database connection established successfully to nstl_vegas
2025-12-11 16:34:01 [INFO]: Proceeding with application setup
2025-12-11 16:34:09 [INFO]: Server started at port 8090
2025-12-11 16:34:09 [INFO]: ✅ Connected to VegasDB: nstl_vegas
2025-12-11 16:34:09 [INFO]: Database connection established successfully to nstl_vegas
2025-12-11 16:34:09 [INFO]: Proceeding with application setup
2025-12-11 16:34:10 [INFO]: Server started at port 8090
2025-12-11 16:34:10 [INFO]: ✅ Connected to VegasDB: nstl_vegas
2025-12-11 16:34:10 [INFO]: Database connection established successfully to nstl_vegas
2025-12-11 16:34:10 [INFO]: Proceeding with application setup
2025-12-11 16:34:12 [INFO]: Incoming request: POST /api/machine_time/add
2025-12-11 16:35:23 [INFO]: Incoming request: PUT /api/machine_time/edit
2025-12-11 16:36:17 [INFO]: Server started at port 8090
2025-12-11 16:36:17 [INFO]: ✅ Connected to VegasDB: nstl_vegas
2025-12-11 16:36:17 [INFO]: Database connection established successfully to nstl_vegas
2025-12-11 16:36:17 [INFO]: Proceeding with application setup
2025-12-11 16:36:22 [INFO]: Server started at port 8090
2025-12-11 16:36:22 [INFO]: ✅ Connected to VegasDB: nstl_vegas
2025-12-11 16:36:22 [INFO]: Database connection established successfully to nstl_vegas
2025-12-11 16:36:22 [INFO]: Proceeding with application setup
2025-12-11 16:36:25 [INFO]: Server started at port 8090
2025-12-11 16:36:25 [INFO]: ✅ Connected to VegasDB: nstl_vegas
2025-12-11 16:36:25 [INFO]: Database connection established successfully to nstl_vegas
2025-12-11 16:36:25 [INFO]: Proceeding with application setup
2025-12-11 16:36:27 [INFO]: Incoming request: PUT /api/machine_time/edit
2025-12-11 16:36:44 [INFO]: Incoming request: POST /api/machine_time/add
2025-12-11 16:36:52 [INFO]: Incoming request: PUT /api/machine_time/edit
2025-12-11 16:36:59 [INFO]: Incoming request: PUT /api/machine_time/edit
2025-12-11 16:37:05 [INFO]: Server started at port 8090
2025-12-11 16:37:05 [INFO]: ✅ Connected to VegasDB: nstl_vegas
2025-12-11 16:37:05 [INFO]: Database connection established successfully to nstl_vegas
2025-12-11 16:37:05 [INFO]: Proceeding with application setup
2025-12-11 16:37:08 [INFO]: Server started at port 8090
2025-12-11 16:37:08 [INFO]: ✅ Connected to VegasDB: nstl_vegas
2025-12-11 16:37:08 [INFO]: Database connection established successfully to nstl_vegas
2025-12-11 16:37:08 [INFO]: Proceeding with application setup
2025-12-11 16:37:11 [INFO]: Server started at port 8090
2025-12-11 16:37:11 [INFO]: ✅ Connected to VegasDB: nstl_vegas
2025-12-11 16:37:11 [INFO]: Database connection established successfully to nstl_vegas
2025-12-11 16:37:11 [INFO]: Proceeding with application setup
2025-12-11 16:37:14 [INFO]: Incoming request: PUT /api/machine_time/edit
2025-12-11 16:37:14 [INFO]: Incoming request: PUT /api/machine_time/edit
2025-12-11 16:37:16 [INFO]: Incoming request: PUT /api/machine_time/edit
2025-12-11 16:37:26 [INFO]: Server started at port 8090
2025-12-11 16:37:26 [INFO]: ✅ Connected to VegasDB: nstl_vegas
2025-12-11 16:37:26 [INFO]: Database connection established successfully to nstl_vegas
2025-12-11 16:37:26 [INFO]: Proceeding with application setup
2025-12-11 16:37:30 [INFO]: Server started at port 8090
2025-12-11 16:37:30 [INFO]: ✅ Connected to VegasDB: nstl_vegas
2025-12-11 16:37:30 [INFO]: Database connection established successfully to nstl_vegas
2025-12-11 16:37:30 [INFO]: Proceeding with application setup
2025-12-11 16:37:32 [INFO]: Server started at port 8090
2025-12-11 16:37:32 [INFO]: ✅ Connected to VegasDB: nstl_vegas
2025-12-11 16:37:32 [INFO]: Database connection established successfully to nstl_vegas
2025-12-11 16:37:32 [INFO]: Proceeding with application setup
2025-12-11 16:37:36 [INFO]: Server started at port 8090
2025-12-11 16:37:36 [INFO]: ✅ Connected to VegasDB: nstl_vegas
2025-12-11 16:37:36 [INFO]: Database connection established successfully to nstl_vegas
2025-12-11 16:37:36 [INFO]: Proceeding with application setup
2025-12-11 16:37:38 [INFO]: Incoming request: PUT /api/machine_time/edit
2025-12-11 16:44:29 [INFO]: Incoming request: POST /api/machine_time/add
2025-12-11 16:44:32 [INFO]: Incoming request: POST /api/machine_time/add
2025-12-11 16:48:42 [INFO]: Server started at port 8090
2025-12-11 16:48:42 [INFO]: ✅ Connected to VegasDB: nstl_vegas
2025-12-11 16:48:42 [INFO]: Database connection established successfully to nstl_vegas
2025-12-11 16:48:42 [INFO]: Proceeding with application setup
2025-12-11 16:48:54 [INFO]: Server started at port 8090
2025-12-11 16:48:54 [INFO]: ✅ Connected to VegasDB: nstl_vegas
2025-12-11 16:48:54 [INFO]: Database connection established successfully to nstl_vegas
2025-12-11 16:48:54 [INFO]: Proceeding with application setup
2025-12-11 16:48:57 [INFO]: Server started at port 8090
2025-12-11 16:48:57 [INFO]: ✅ Connected to VegasDB: nstl_vegas
2025-12-11 16:48:57 [INFO]: Database connection established successfully to nstl_vegas
2025-12-11 16:48:57 [INFO]: Proceeding with application setup
2025-12-11 16:48:58 [INFO]: Incoming request: POST /api/machine_time/add
2025-12-11 16:49:02 [INFO]: Incoming request: POST /api/machine_time/add
2025-12-11 16:49:36 [INFO]: Incoming request: GET /api/machine_time/list?page=1&limit=50
2025-12-11 16:51:35 [INFO]: Incoming request: DELETE /api/machine_time/delete
2025-12-11 16:51:37 [INFO]: Incoming request: DELETE /api/machine_time/delete
2025-12-11 16:51:38 [INFO]: Incoming request: DELETE /api/machine_time/delete
2025-12-11 16:51:40 [INFO]: Incoming request: DELETE /api/machine_time/delete
2025-12-11 16:51:43 [INFO]: Incoming request: GET /api/machine_time/list?page=1&limit=50
2025-12-11 16:52:01 [INFO]: Incoming request: DELETE /api/machine_time/delete
2025-12-11 16:52:04 [INFO]: Incoming request: GET /api/machine_time/list?page=1&limit=50
2025-12-11 16:52:54 [INFO]: Server started at port 8090
2025-12-11 16:52:54 [INFO]: ✅ Connected to VegasDB: nstl_vegas
2025-12-11 16:52:54 [INFO]: Database connection established successfully to nstl_vegas
2025-12-11 16:52:54 [INFO]: Proceeding with application setup
2025-12-11 16:52:56 [INFO]: Server started at port 8090
2025-12-11 16:52:58 [INFO]: Server started at port 8090
2025-12-11 16:52:58 [INFO]: ✅ Connected to VegasDB: nstl_vegas
2025-12-11 16:52:58 [INFO]: Database connection established successfully to nstl_vegas
2025-12-11 16:52:58 [INFO]: Proceeding with application setup
2025-12-11 16:52:59 [INFO]: Server started at port 8090
2025-12-11 16:52:59 [INFO]: ✅ Connected to VegasDB: nstl_vegas
2025-12-11 16:52:59 [INFO]: Database connection established successfully to nstl_vegas
2025-12-11 16:52:59 [INFO]: Proceeding with application setup
2025-12-11 16:53:08 [INFO]: Incoming request: POST /api/machine_time/add
2025-12-11 16:54:01 [INFO]: Server started at port 8090
2025-12-11 16:54:01 [INFO]: ✅ Connected to VegasDB: nstl_vegas
2025-12-11 16:54:01 [INFO]: Database connection established successfully to nstl_vegas
2025-12-11 16:54:01 [INFO]: Proceeding with application setup
2025-12-11 16:54:04 [INFO]: Server started at port 8090
2025-12-11 16:54:04 [INFO]: ✅ Connected to VegasDB: nstl_vegas
2025-12-11 16:54:04 [INFO]: Database connection established successfully to nstl_vegas
2025-12-11 16:54:04 [INFO]: Proceeding with application setup
2025-12-11 16:54:21 [INFO]: Server started at port 8090
2025-12-11 16:54:21 [INFO]: ✅ Connected to VegasDB: nstl_vegas
2025-12-11 16:54:21 [INFO]: Database connection established successfully to nstl_vegas
2025-12-11 16:54:21 [INFO]: Proceeding with application setup
2025-12-11 16:54:29 [INFO]: Incoming request: DELETE /api/machine_time/delete
2025-12-11 16:54:33 [INFO]: Incoming request: GET /api/machine_time/list?page=1&limit=50
2025-12-11 16:54:42 [INFO]: Incoming request: POST /api/machine_time/add
2025-12-11 16:54:51 [INFO]: Incoming request: DELETE /api/machine_time/delete
